<testsuites id="" name="" tests="9" failures="4" skipped="1" errors="0" time="2143.3909">
<testsuite name="stress.spec.ts" timestamp="2025-09-30T05:03:04.787Z" hostname="stress-test" tests="9" failures="4" skipped="1" time="876.189" errors="0">
<testcase name="Stress Tests - Sequential › should scan critical sites successfully" classname="stress.spec.ts" time="120.605">
<failure message="stress.spec.ts:41:6 should scan critical sites successfully" type="FAILURE">
<![CDATA[  [stress-test] › stress.spec.ts:41:6 › Stress Tests - Sequential › should scan critical sites successfully 

    Error: Scan timeout after 120000ms. Last status: unknown

       at helpers/scan-helpers.ts:92

      90 | 			const events = body
      91 | 				.split('\n\n')
    > 92 | 				.filter(chunk => chunk.trim().startsWith('data:'))
         | 				   ^
      93 | 				.map(chunk => {
      94 | 					try {
      95 | 						const jsonStr = chunk.replace(/^data:\s*/, '').trim();
        at pollScanProgress (/Users/byronwade/designer/tests/e2e/helpers/scan-helpers.ts:92:8)
        at completeScan (/Users/byronwade/designer/tests/e2e/helpers/scan-helpers.ts:113:17)
        at /Users/byronwade/designer/tests/e2e/stress.spec.ts:45:33

    attachment #1: trace (application/zip) ─────────────────────────────────────────────────────────
    ../reports/artifacts/stress-Stress-Tests---Sequ-fe5d5-critical-sites-successfully-stress-test/trace.zip
    Usage:

        npx playwright show-trace ../reports/artifacts/stress-Stress-Tests---Sequ-fe5d5-critical-sites-successfully-stress-test/trace.zip

    ────────────────────────────────────────────────────────────────────────────────────────────────
]]>
</failure>
<system-out>
<![CDATA[Poll error (will retry): apiRequestContext.get: Timeout 10000ms exceeded.
Call log:
[2m  - → GET http://localhost:3000/api/scan/progress?scanId=scan_1759208585782_i7fzvay[22m
[2m    - user-agent: Mozilla/5.0 (Windows NT 10.0; Win64; x64) AppleWebKit/537.36 (KHTML, like Gecko) Chrome/140.0.7339.186 Safari/537.36[22m
[2m    - accept: */*[22m
[2m    - accept-encoding: gzip,deflate,br[22m
[2m  - ← 200 OK[22m
[2m    - content-security-policy: default-src 'self'; script-src 'self' 'unsafe-eval' 'unsafe-inline'; style-src 'self' 'unsafe-inline'; img-src 'self' data: https:; font-src 'self' data:; connect-src 'self' https:;[22m
[2m    - referrer-policy: strict-origin-when-cross-origin[22m
[2m    - x-content-type-options: nosniff[22m
[2m    - x-frame-options: DENY[22m
[2m    - x-ratelimit-limit: 1000[22m
[2m    - x-ratelimit-remaining: 999[22m
[2m    - x-ratelimit-reset: 2025-09-30T05:04:05.806Z[22m
[2m    - x-xss-protection: 1; mode=block[22m
[2m    - vary: rsc, next-router-state-tree, next-router-prefetch, next-router-segment-prefetch[22m
[2m    - cache-control: no-cache, no-transform[22m
[2m    - connection: keep-alive[22m
[2m    - content-type: text/event-stream[22m
[2m    - x-accel-buffering: no[22m
[2m    - date: Tue, 30 Sep 2025 05:03:06 GMT[22m
[2m    - transfer-encoding: chunked[22m

Poll error (will retry): apiRequestContext.get: Timeout 10000ms exceeded.
Call log:
[2m  - → GET http://localhost:3000/api/scan/progress?scanId=scan_1759208585782_i7fzvay[22m
[2m    - user-agent: Mozilla/5.0 (Windows NT 10.0; Win64; x64) AppleWebKit/537.36 (KHTML, like Gecko) Chrome/140.0.7339.186 Safari/537.36[22m
[2m    - accept: */*[22m
[2m    - accept-encoding: gzip,deflate,br[22m
[2m  - ← 200 OK[22m
[2m    - content-security-policy: default-src 'self'; script-src 'self' 'unsafe-eval' 'unsafe-inline'; style-src 'self' 'unsafe-inline'; img-src 'self' data: https:; font-src 'self' data:; connect-src 'self' https:;[22m
[2m    - referrer-policy: strict-origin-when-cross-origin[22m
[2m    - x-content-type-options: nosniff[22m
[2m    - x-frame-options: DENY[22m
[2m    - x-ratelimit-limit: 1000[22m
[2m    - x-ratelimit-remaining: 999[22m
[2m    - x-ratelimit-reset: 2025-09-30T05:04:17.830Z[22m
[2m    - x-xss-protection: 1; mode=block[22m
[2m    - vary: rsc, next-router-state-tree, next-router-prefetch, next-router-segment-prefetch[22m
[2m    - cache-control: no-cache, no-transform[22m
[2m    - connection: keep-alive[22m
[2m    - content-type: text/event-stream[22m
[2m    - x-accel-buffering: no[22m
[2m    - date: Tue, 30 Sep 2025 05:03:18 GMT[22m
[2m    - transfer-encoding: chunked[22m

Poll error (will retry): apiRequestContext.get: Timeout 10000ms exceeded.
Call log:
[2m  - → GET http://localhost:3000/api/scan/progress?scanId=scan_1759208585782_i7fzvay[22m
[2m    - user-agent: Mozilla/5.0 (Windows NT 10.0; Win64; x64) AppleWebKit/537.36 (KHTML, like Gecko) Chrome/140.0.7339.186 Safari/537.36[22m
[2m    - accept: */*[22m
[2m    - accept-encoding: gzip,deflate,br[22m
[2m  - ← 200 OK[22m
[2m    - content-security-policy: default-src 'self'; script-src 'self' 'unsafe-eval' 'unsafe-inline'; style-src 'self' 'unsafe-inline'; img-src 'self' data: https:; font-src 'self' data:; connect-src 'self' https:;[22m
[2m    - referrer-policy: strict-origin-when-cross-origin[22m
[2m    - x-content-type-options: nosniff[22m
[2m    - x-frame-options: DENY[22m
[2m    - x-ratelimit-limit: 1000[22m
[2m    - x-ratelimit-remaining: 999[22m
[2m    - x-ratelimit-reset: 2025-09-30T05:04:29.810Z[22m
[2m    - x-xss-protection: 1; mode=block[22m
[2m    - vary: rsc, next-router-state-tree, next-router-prefetch, next-router-segment-prefetch[22m
[2m    - cache-control: no-cache, no-transform[22m
[2m    - connection: keep-alive[22m
[2m    - content-type: text/event-stream[22m
[2m    - x-accel-buffering: no[22m
[2m    - date: Tue, 30 Sep 2025 05:03:30 GMT[22m
[2m    - transfer-encoding: chunked[22m

Poll error (will retry): apiRequestContext.get: Timeout 10000ms exceeded.
Call log:
[2m  - → GET http://localhost:3000/api/scan/progress?scanId=scan_1759208585782_i7fzvay[22m
[2m    - user-agent: Mozilla/5.0 (Windows NT 10.0; Win64; x64) AppleWebKit/537.36 (KHTML, like Gecko) Chrome/140.0.7339.186 Safari/537.36[22m
[2m    - accept: */*[22m
[2m    - accept-encoding: gzip,deflate,br[22m
[2m  - ← 200 OK[22m
[2m    - content-security-policy: default-src 'self'; script-src 'self' 'unsafe-eval' 'unsafe-inline'; style-src 'self' 'unsafe-inline'; img-src 'self' data: https:; font-src 'self' data:; connect-src 'self' https:;[22m
[2m    - referrer-policy: strict-origin-when-cross-origin[22m
[2m    - x-content-type-options: nosniff[22m
[2m    - x-frame-options: DENY[22m
[2m    - x-ratelimit-limit: 1000[22m
[2m    - x-ratelimit-remaining: 999[22m
[2m    - x-ratelimit-reset: 2025-09-30T05:04:41.816Z[22m
[2m    - x-xss-protection: 1; mode=block[22m
[2m    - vary: rsc, next-router-state-tree, next-router-prefetch, next-router-segment-prefetch[22m
[2m    - cache-control: no-cache, no-transform[22m
[2m    - connection: keep-alive[22m
[2m    - content-type: text/event-stream[22m
[2m    - x-accel-buffering: no[22m
[2m    - date: Tue, 30 Sep 2025 05:03:42 GMT[22m
[2m    - transfer-encoding: chunked[22m

Poll error (will retry): apiRequestContext.get: Timeout 10000ms exceeded.
Call log:
[2m  - → GET http://localhost:3000/api/scan/progress?scanId=scan_1759208585782_i7fzvay[22m
[2m    - user-agent: Mozilla/5.0 (Windows NT 10.0; Win64; x64) AppleWebKit/537.36 (KHTML, like Gecko) Chrome/140.0.7339.186 Safari/537.36[22m
[2m    - accept: */*[22m
[2m    - accept-encoding: gzip,deflate,br[22m
[2m  - ← 200 OK[22m
[2m    - content-security-policy: default-src 'self'; script-src 'self' 'unsafe-eval' 'unsafe-inline'; style-src 'self' 'unsafe-inline'; img-src 'self' data: https:; font-src 'self' data:; connect-src 'self' https:;[22m
[2m    - referrer-policy: strict-origin-when-cross-origin[22m
[2m    - x-content-type-options: nosniff[22m
[2m    - x-frame-options: DENY[22m
[2m    - x-ratelimit-limit: 1000[22m
[2m    - x-ratelimit-remaining: 999[22m
[2m    - x-ratelimit-reset: 2025-09-30T05:04:53.817Z[22m
[2m    - x-xss-protection: 1; mode=block[22m
[2m    - vary: rsc, next-router-state-tree, next-router-prefetch, next-router-segment-prefetch[22m
[2m    - cache-control: no-cache, no-transform[22m
[2m    - connection: keep-alive[22m
[2m    - content-type: text/event-stream[22m
[2m    - x-accel-buffering: no[22m
[2m    - date: Tue, 30 Sep 2025 05:03:54 GMT[22m
[2m    - transfer-encoding: chunked[22m

Poll error (will retry): apiRequestContext.get: Timeout 10000ms exceeded.
Call log:
[2m  - → GET http://localhost:3000/api/scan/progress?scanId=scan_1759208585782_i7fzvay[22m
[2m    - user-agent: Mozilla/5.0 (Windows NT 10.0; Win64; x64) AppleWebKit/537.36 (KHTML, like Gecko) Chrome/140.0.7339.186 Safari/537.36[22m
[2m    - accept: */*[22m
[2m    - accept-encoding: gzip,deflate,br[22m
[2m  - ← 200 OK[22m
[2m    - content-security-policy: default-src 'self'; script-src 'self' 'unsafe-eval' 'unsafe-inline'; style-src 'self' 'unsafe-inline'; img-src 'self' data: https:; font-src 'self' data:; connect-src 'self' https:;[22m
[2m    - referrer-policy: strict-origin-when-cross-origin[22m
[2m    - x-content-type-options: nosniff[22m
[2m    - x-frame-options: DENY[22m
[2m    - x-ratelimit-limit: 1000[22m
[2m    - x-ratelimit-remaining: 999[22m
[2m    - x-ratelimit-reset: 2025-09-30T05:05:05.825Z[22m
[2m    - x-xss-protection: 1; mode=block[22m
[2m    - vary: rsc, next-router-state-tree, next-router-prefetch, next-router-segment-prefetch[22m
[2m    - cache-control: no-cache, no-transform[22m
[2m    - connection: keep-alive[22m
[2m    - content-type: text/event-stream[22m
[2m    - x-accel-buffering: no[22m
[2m    - date: Tue, 30 Sep 2025 05:04:06 GMT[22m
[2m    - transfer-encoding: chunked[22m

Poll error (will retry): apiRequestContext.get: Timeout 10000ms exceeded.
Call log:
[2m  - → GET http://localhost:3000/api/scan/progress?scanId=scan_1759208585782_i7fzvay[22m
[2m    - user-agent: Mozilla/5.0 (Windows NT 10.0; Win64; x64) AppleWebKit/537.36 (KHTML, like Gecko) Chrome/140.0.7339.186 Safari/537.36[22m
[2m    - accept: */*[22m
[2m    - accept-encoding: gzip,deflate,br[22m
[2m  - ← 200 OK[22m
[2m    - content-security-policy: default-src 'self'; script-src 'self' 'unsafe-eval' 'unsafe-inline'; style-src 'self' 'unsafe-inline'; img-src 'self' data: https:; font-src 'self' data:; connect-src 'self' https:;[22m
[2m    - referrer-policy: strict-origin-when-cross-origin[22m
[2m    - x-content-type-options: nosniff[22m
[2m    - x-frame-options: DENY[22m
[2m    - x-ratelimit-limit: 1000[22m
[2m    - x-ratelimit-remaining: 999[22m
[2m    - x-ratelimit-reset: 2025-09-30T05:05:17.829Z[22m
[2m    - x-xss-protection: 1; mode=block[22m
[2m    - vary: rsc, next-router-state-tree, next-router-prefetch, next-router-segment-prefetch[22m
[2m    - cache-control: no-cache, no-transform[22m
[2m    - connection: keep-alive[22m
[2m    - content-type: text/event-stream[22m
[2m    - x-accel-buffering: no[22m
[2m    - date: Tue, 30 Sep 2025 05:04:18 GMT[22m
[2m    - transfer-encoding: chunked[22m

Poll error (will retry): apiRequestContext.get: Timeout 10000ms exceeded.
Call log:
[2m  - → GET http://localhost:3000/api/scan/progress?scanId=scan_1759208585782_i7fzvay[22m
[2m    - user-agent: Mozilla/5.0 (Windows NT 10.0; Win64; x64) AppleWebKit/537.36 (KHTML, like Gecko) Chrome/140.0.7339.186 Safari/537.36[22m
[2m    - accept: */*[22m
[2m    - accept-encoding: gzip,deflate,br[22m
[2m  - ← 200 OK[22m
[2m    - content-security-policy: default-src 'self'; script-src 'self' 'unsafe-eval' 'unsafe-inline'; style-src 'self' 'unsafe-inline'; img-src 'self' data: https:; font-src 'self' data:; connect-src 'self' https:;[22m
[2m    - referrer-policy: strict-origin-when-cross-origin[22m
[2m    - x-content-type-options: nosniff[22m
[2m    - x-frame-options: DENY[22m
[2m    - x-ratelimit-limit: 1000[22m
[2m    - x-ratelimit-remaining: 999[22m
[2m    - x-ratelimit-reset: 2025-09-30T05:05:29.831Z[22m
[2m    - x-xss-protection: 1; mode=block[22m
[2m    - vary: rsc, next-router-state-tree, next-router-prefetch, next-router-segment-prefetch[22m
[2m    - cache-control: no-cache, no-transform[22m
[2m    - connection: keep-alive[22m
[2m    - content-type: text/event-stream[22m
[2m    - x-accel-buffering: no[22m
[2m    - date: Tue, 30 Sep 2025 05:04:30 GMT[22m
[2m    - transfer-encoding: chunked[22m

Poll error (will retry): apiRequestContext.get: Timeout 10000ms exceeded.
Call log:
[2m  - → GET http://localhost:3000/api/scan/progress?scanId=scan_1759208585782_i7fzvay[22m
[2m    - user-agent: Mozilla/5.0 (Windows NT 10.0; Win64; x64) AppleWebKit/537.36 (KHTML, like Gecko) Chrome/140.0.7339.186 Safari/537.36[22m
[2m    - accept: */*[22m
[2m    - accept-encoding: gzip,deflate,br[22m
[2m  - ← 200 OK[22m
[2m    - content-security-policy: default-src 'self'; script-src 'self' 'unsafe-eval' 'unsafe-inline'; style-src 'self' 'unsafe-inline'; img-src 'self' data: https:; font-src 'self' data:; connect-src 'self' https:;[22m
[2m    - referrer-policy: strict-origin-when-cross-origin[22m
[2m    - x-content-type-options: nosniff[22m
[2m    - x-frame-options: DENY[22m
[2m    - x-ratelimit-limit: 1000[22m
[2m    - x-ratelimit-remaining: 999[22m
[2m    - x-ratelimit-reset: 2025-09-30T05:05:41.847Z[22m
[2m    - x-xss-protection: 1; mode=block[22m
[2m    - vary: rsc, next-router-state-tree, next-router-prefetch, next-router-segment-prefetch[22m
[2m    - cache-control: no-cache, no-transform[22m
[2m    - connection: keep-alive[22m
[2m    - content-type: text/event-stream[22m
[2m    - x-accel-buffering: no[22m
[2m    - date: Tue, 30 Sep 2025 05:04:42 GMT[22m
[2m    - transfer-encoding: chunked[22m

Poll error (will retry): apiRequestContext.get: Timeout 10000ms exceeded.
Call log:
[2m  - → GET http://localhost:3000/api/scan/progress?scanId=scan_1759208585782_i7fzvay[22m
[2m    - user-agent: Mozilla/5.0 (Windows NT 10.0; Win64; x64) AppleWebKit/537.36 (KHTML, like Gecko) Chrome/140.0.7339.186 Safari/537.36[22m
[2m    - accept: */*[22m
[2m    - accept-encoding: gzip,deflate,br[22m
[2m  - ← 200 OK[22m
[2m    - content-security-policy: default-src 'self'; script-src 'self' 'unsafe-eval' 'unsafe-inline'; style-src 'self' 'unsafe-inline'; img-src 'self' data: https:; font-src 'self' data:; connect-src 'self' https:;[22m
[2m    - referrer-policy: strict-origin-when-cross-origin[22m
[2m    - x-content-type-options: nosniff[22m
[2m    - x-frame-options: DENY[22m
[2m    - x-ratelimit-limit: 1000[22m
[2m    - x-ratelimit-remaining: 999[22m
[2m    - x-ratelimit-reset: 2025-09-30T05:05:53.863Z[22m
[2m    - x-xss-protection: 1; mode=block[22m
[2m    - vary: rsc, next-router-state-tree, next-router-prefetch, next-router-segment-prefetch[22m
[2m    - cache-control: no-cache, no-transform[22m
[2m    - connection: keep-alive[22m
[2m    - content-type: text/event-stream[22m
[2m    - x-accel-buffering: no[22m
[2m    - date: Tue, 30 Sep 2025 05:04:54 GMT[22m
[2m    - transfer-encoding: chunked[22m


[[ATTACHMENT|artifacts/stress-Stress-Tests---Sequ-fe5d5-critical-sites-successfully-stress-test/trace.zip]]
]]>
</system-out>
</testcase>
<testcase name="Stress Tests - Sequential › should scan high priority sites sequentially" classname="stress.spec.ts" time="340.55">
<skipped>
</skipped>
</testcase>
<testcase name="Stress Tests - Concurrent › should handle concurrent scans" classname="stress.spec.ts" time="181.766">
<failure message="stress.spec.ts:111:6 should handle concurrent scans" type="FAILURE">
<![CDATA[  [stress-test] › stress.spec.ts:111:6 › Stress Tests - Concurrent › should handle concurrent scans 

    Error: expect(received).toBeGreaterThanOrEqual(expected)

    Expected: >= 40
    Received:    0

      143 |
      144 | 		// Expect at least 40% success rate for concurrent tests
    > 145 | 		expect(successRate).toBeGreaterThanOrEqual(40);
          | 		                    ^
      146 | 	});
      147 |
      148 | 	test('should handle burst traffic', async ({ request }) => {
        at /Users/byronwade/designer/tests/e2e/stress.spec.ts:145:23

    attachment #1: trace (application/zip) ─────────────────────────────────────────────────────────
    ../reports/artifacts/stress-Stress-Tests---Conc-f7c50-uld-handle-concurrent-scans-stress-test/trace.zip
    Usage:

        npx playwright show-trace ../reports/artifacts/stress-Stress-Tests---Conc-f7c50-uld-handle-concurrent-scans-stress-test/trace.zip

    ────────────────────────────────────────────────────────────────────────────────────────────────
]]>
</failure>
<system-out>
<![CDATA[
🔥 Starting 5 concurrent scans...
Started 5 scans
Poll error (will retry): apiRequestContext.get: Timeout 10000ms exceeded.
Call log:
[2m  - → GET http://localhost:3000/api/scan/progress?scanId=scan_1759208585784_t7066ei[22m
[2m    - user-agent: Mozilla/5.0 (Windows NT 10.0; Win64; x64) AppleWebKit/537.36 (KHTML, like Gecko) Chrome/140.0.7339.186 Safari/537.36[22m
[2m    - accept: */*[22m
[2m    - accept-encoding: gzip,deflate,br[22m
[2m  - ← 200 OK[22m
[2m    - content-security-policy: default-src 'self'; script-src 'self' 'unsafe-eval' 'unsafe-inline'; style-src 'self' 'unsafe-inline'; img-src 'self' data: https:; font-src 'self' data:; connect-src 'self' https:;[22m
[2m    - referrer-policy: strict-origin-when-cross-origin[22m
[2m    - x-content-type-options: nosniff[22m
[2m    - x-frame-options: DENY[22m
[2m    - x-ratelimit-limit: 1000[22m
[2m    - x-ratelimit-remaining: 999[22m
[2m    - x-ratelimit-reset: 2025-09-30T05:04:06.851Z[22m
[2m    - x-xss-protection: 1; mode=block[22m
[2m    - vary: rsc, next-router-state-tree, next-router-prefetch, next-router-segment-prefetch[22m
[2m    - cache-control: no-cache, no-transform[22m
[2m    - connection: keep-alive[22m
[2m    - content-type: text/event-stream[22m
[2m    - x-accel-buffering: no[22m
[2m    - date: Tue, 30 Sep 2025 05:03:07 GMT[22m
[2m    - transfer-encoding: chunked[22m

Poll error (will retry): apiRequestContext.get: Timeout 10000ms exceeded.
Call log:
[2m  - → GET http://localhost:3000/api/scan/progress?scanId=scan_1759208586055_a9d1wsm[22m
[2m    - user-agent: Mozilla/5.0 (Windows NT 10.0; Win64; x64) AppleWebKit/537.36 (KHTML, like Gecko) Chrome/140.0.7339.186 Safari/537.36[22m
[2m    - accept: */*[22m
[2m    - accept-encoding: gzip,deflate,br[22m
[2m  - ← 200 OK[22m
[2m    - content-security-policy: default-src 'self'; script-src 'self' 'unsafe-eval' 'unsafe-inline'; style-src 'self' 'unsafe-inline'; img-src 'self' data: https:; font-src 'self' data:; connect-src 'self' https:;[22m
[2m    - referrer-policy: strict-origin-when-cross-origin[22m
[2m    - x-content-type-options: nosniff[22m
[2m    - x-frame-options: DENY[22m
[2m    - x-ratelimit-limit: 1000[22m
[2m    - x-ratelimit-remaining: 999[22m
[2m    - x-ratelimit-reset: 2025-09-30T05:04:06.854Z[22m
[2m    - x-xss-protection: 1; mode=block[22m
[2m    - vary: rsc, next-router-state-tree, next-router-prefetch, next-router-segment-prefetch[22m
[2m    - cache-control: no-cache, no-transform[22m
[2m    - connection: keep-alive[22m
[2m    - content-type: text/event-stream[22m
[2m    - x-accel-buffering: no[22m
[2m    - date: Tue, 30 Sep 2025 05:03:07 GMT[22m
[2m    - transfer-encoding: chunked[22m

Poll error (will retry): apiRequestContext.get: Timeout 10000ms exceeded.
Call log:
[2m  - → GET http://localhost:3000/api/scan/progress?scanId=scan_1759208586301_xfhy88u[22m
[2m    - user-agent: Mozilla/5.0 (Windows NT 10.0; Win64; x64) AppleWebKit/537.36 (KHTML, like Gecko) Chrome/140.0.7339.186 Safari/537.36[22m
[2m    - accept: */*[22m
[2m    - accept-encoding: gzip,deflate,br[22m
[2m  - ← 200 OK[22m
[2m    - content-security-policy: default-src 'self'; script-src 'self' 'unsafe-eval' 'unsafe-inline'; style-src 'self' 'unsafe-inline'; img-src 'self' data: https:; font-src 'self' data:; connect-src 'self' https:;[22m
[2m    - referrer-policy: strict-origin-when-cross-origin[22m
[2m    - x-content-type-options: nosniff[22m
[2m    - x-frame-options: DENY[22m
[2m    - x-ratelimit-limit: 1000[22m
[2m    - x-ratelimit-remaining: 999[22m
[2m    - x-ratelimit-reset: 2025-09-30T05:04:06.860Z[22m
[2m    - x-xss-protection: 1; mode=block[22m
[2m    - vary: rsc, next-router-state-tree, next-router-prefetch, next-router-segment-prefetch[22m
[2m    - cache-control: no-cache, no-transform[22m
[2m    - connection: keep-alive[22m
[2m    - content-type: text/event-stream[22m
[2m    - x-accel-buffering: no[22m
[2m    - date: Tue, 30 Sep 2025 05:03:07 GMT[22m
[2m    - transfer-encoding: chunked[22m

Poll error (will retry): apiRequestContext.get: Timeout 10000ms exceeded.
Call log:
[2m  - → GET http://localhost:3000/api/scan/progress?scanId=scan_1759208586564_wice8gk[22m
[2m    - user-agent: Mozilla/5.0 (Windows NT 10.0; Win64; x64) AppleWebKit/537.36 (KHTML, like Gecko) Chrome/140.0.7339.186 Safari/537.36[22m
[2m    - accept: */*[22m
[2m    - accept-encoding: gzip,deflate,br[22m
[2m  - ← 200 OK[22m
[2m    - content-security-policy: default-src 'self'; script-src 'self' 'unsafe-eval' 'unsafe-inline'; style-src 'self' 'unsafe-inline'; img-src 'self' data: https:; font-src 'self' data:; connect-src 'self' https:;[22m
[2m    - referrer-policy: strict-origin-when-cross-origin[22m
[2m    - x-content-type-options: nosniff[22m
[2m    - x-frame-options: DENY[22m
[2m    - x-ratelimit-limit: 1000[22m
[2m    - x-ratelimit-remaining: 999[22m
[2m    - x-ratelimit-reset: 2025-09-30T05:04:06.861Z[22m
[2m    - x-xss-protection: 1; mode=block[22m
[2m    - vary: rsc, next-router-state-tree, next-router-prefetch, next-router-segment-prefetch[22m
[2m    - cache-control: no-cache, no-transform[22m
[2m    - connection: keep-alive[22m
[2m    - content-type: text/event-stream[22m
[2m    - x-accel-buffering: no[22m
[2m    - date: Tue, 30 Sep 2025 05:03:07 GMT[22m
[2m    - transfer-encoding: chunked[22m

Poll error (will retry): apiRequestContext.get: Timeout 10000ms exceeded.
Call log:
[2m  - → GET http://localhost:3000/api/scan/progress?scanId=scan_1759208586842_f8nuotk[22m
[2m    - user-agent: Mozilla/5.0 (Windows NT 10.0; Win64; x64) AppleWebKit/537.36 (KHTML, like Gecko) Chrome/140.0.7339.186 Safari/537.36[22m
[2m    - accept: */*[22m
[2m    - accept-encoding: gzip,deflate,br[22m
[2m  - ← 200 OK[22m
[2m    - content-security-policy: default-src 'self'; script-src 'self' 'unsafe-eval' 'unsafe-inline'; style-src 'self' 'unsafe-inline'; img-src 'self' data: https:; font-src 'self' data:; connect-src 'self' https:;[22m
[2m    - referrer-policy: strict-origin-when-cross-origin[22m
[2m    - x-content-type-options: nosniff[22m
[2m    - x-frame-options: DENY[22m
[2m    - x-ratelimit-limit: 1000[22m
[2m    - x-ratelimit-remaining: 999[22m
[2m    - x-ratelimit-reset: 2025-09-30T05:04:06.861Z[22m
[2m    - x-xss-protection: 1; mode=block[22m
[2m    - vary: rsc, next-router-state-tree, next-router-prefetch, next-router-segment-prefetch[22m
[2m    - cache-control: no-cache, no-transform[22m
[2m    - connection: keep-alive[22m
[2m    - content-type: text/event-stream[22m
[2m    - x-accel-buffering: no[22m
[2m    - date: Tue, 30 Sep 2025 05:03:07 GMT[22m
[2m    - transfer-encoding: chunked[22m

Poll error (will retry): apiRequestContext.get: Timeout 10000ms exceeded.
Call log:
[2m  - → GET http://localhost:3000/api/scan/progress?scanId=scan_1759208585784_t7066ei[22m
[2m    - user-agent: Mozilla/5.0 (Windows NT 10.0; Win64; x64) AppleWebKit/537.36 (KHTML, like Gecko) Chrome/140.0.7339.186 Safari/537.36[22m
[2m    - accept: */*[22m
[2m    - accept-encoding: gzip,deflate,br[22m
[2m  - ← 200 OK[22m
[2m    - content-security-policy: default-src 'self'; script-src 'self' 'unsafe-eval' 'unsafe-inline'; style-src 'self' 'unsafe-inline'; img-src 'self' data: https:; font-src 'self' data:; connect-src 'self' https:;[22m
[2m    - referrer-policy: strict-origin-when-cross-origin[22m
[2m    - x-content-type-options: nosniff[22m
[2m    - x-frame-options: DENY[22m
[2m    - x-ratelimit-limit: 1000[22m
[2m    - x-ratelimit-remaining: 999[22m
[2m    - x-ratelimit-reset: 2025-09-30T05:04:18.879Z[22m
[2m    - x-xss-protection: 1; mode=block[22m
[2m    - vary: rsc, next-router-state-tree, next-router-prefetch, next-router-segment-prefetch[22m
[2m    - cache-control: no-cache, no-transform[22m
[2m    - connection: keep-alive[22m
[2m    - content-type: text/event-stream[22m
[2m    - x-accel-buffering: no[22m
[2m    - date: Tue, 30 Sep 2025 05:03:19 GMT[22m
[2m    - transfer-encoding: chunked[22m

Poll error (will retry): apiRequestContext.get: Timeout 10000ms exceeded.
Call log:
[2m  - → GET http://localhost:3000/api/scan/progress?scanId=scan_1759208586055_a9d1wsm[22m
[2m    - user-agent: Mozilla/5.0 (Windows NT 10.0; Win64; x64) AppleWebKit/537.36 (KHTML, like Gecko) Chrome/140.0.7339.186 Safari/537.36[22m
[2m    - accept: */*[22m
[2m    - accept-encoding: gzip,deflate,br[22m
[2m  - ← 200 OK[22m
[2m    - content-security-policy: default-src 'self'; script-src 'self' 'unsafe-eval' 'unsafe-inline'; style-src 'self' 'unsafe-inline'; img-src 'self' data: https:; font-src 'self' data:; connect-src 'self' https:;[22m
[2m    - referrer-policy: strict-origin-when-cross-origin[22m
[2m    - x-content-type-options: nosniff[22m
[2m    - x-frame-options: DENY[22m
[2m    - x-ratelimit-limit: 1000[22m
[2m    - x-ratelimit-remaining: 999[22m
[2m    - x-ratelimit-reset: 2025-09-30T05:04:18.878Z[22m
[2m    - x-xss-protection: 1; mode=block[22m
[2m    - vary: rsc, next-router-state-tree, next-router-prefetch, next-router-segment-prefetch[22m
[2m    - cache-control: no-cache, no-transform[22m
[2m    - connection: keep-alive[22m
[2m    - content-type: text/event-stream[22m
[2m    - x-accel-buffering: no[22m
[2m    - date: Tue, 30 Sep 2025 05:03:19 GMT[22m
[2m    - transfer-encoding: chunked[22m

Poll error (will retry): apiRequestContext.get: Timeout 10000ms exceeded.
Call log:
[2m  - → GET http://localhost:3000/api/scan/progress?scanId=scan_1759208586301_xfhy88u[22m
[2m    - user-agent: Mozilla/5.0 (Windows NT 10.0; Win64; x64) AppleWebKit/537.36 (KHTML, like Gecko) Chrome/140.0.7339.186 Safari/537.36[22m
[2m    - accept: */*[22m
[2m    - accept-encoding: gzip,deflate,br[22m
[2m  - ← 200 OK[22m
[2m    - content-security-policy: default-src 'self'; script-src 'self' 'unsafe-eval' 'unsafe-inline'; style-src 'self' 'unsafe-inline'; img-src 'self' data: https:; font-src 'self' data:; connect-src 'self' https:;[22m
[2m    - referrer-policy: strict-origin-when-cross-origin[22m
[2m    - x-content-type-options: nosniff[22m
[2m    - x-frame-options: DENY[22m
[2m    - x-ratelimit-limit: 1000[22m
[2m    - x-ratelimit-remaining: 999[22m
[2m    - x-ratelimit-reset: 2025-09-30T05:04:18.880Z[22m
[2m    - x-xss-protection: 1; mode=block[22m
[2m    - vary: rsc, next-router-state-tree, next-router-prefetch, next-router-segment-prefetch[22m
[2m    - cache-control: no-cache, no-transform[22m
[2m    - connection: keep-alive[22m
[2m    - content-type: text/event-stream[22m
[2m    - x-accel-buffering: no[22m
[2m    - date: Tue, 30 Sep 2025 05:03:19 GMT[22m
[2m    - transfer-encoding: chunked[22m

Poll error (will retry): apiRequestContext.get: Timeout 10000ms exceeded.
Call log:
[2m  - → GET http://localhost:3000/api/scan/progress?scanId=scan_1759208586564_wice8gk[22m
[2m    - user-agent: Mozilla/5.0 (Windows NT 10.0; Win64; x64) AppleWebKit/537.36 (KHTML, like Gecko) Chrome/140.0.7339.186 Safari/537.36[22m
[2m    - accept: */*[22m
[2m    - accept-encoding: gzip,deflate,br[22m
[2m  - ← 200 OK[22m
[2m    - content-security-policy: default-src 'self'; script-src 'self' 'unsafe-eval' 'unsafe-inline'; style-src 'self' 'unsafe-inline'; img-src 'self' data: https:; font-src 'self' data:; connect-src 'self' https:;[22m
[2m    - referrer-policy: strict-origin-when-cross-origin[22m
[2m    - x-content-type-options: nosniff[22m
[2m    - x-frame-options: DENY[22m
[2m    - x-ratelimit-limit: 1000[22m
[2m    - x-ratelimit-remaining: 999[22m
[2m    - x-ratelimit-reset: 2025-09-30T05:04:18.881Z[22m
[2m    - x-xss-protection: 1; mode=block[22m
[2m    - vary: rsc, next-router-state-tree, next-router-prefetch, next-router-segment-prefetch[22m
[2m    - cache-control: no-cache, no-transform[22m
[2m    - connection: keep-alive[22m
[2m    - content-type: text/event-stream[22m
[2m    - x-accel-buffering: no[22m
[2m    - date: Tue, 30 Sep 2025 05:03:19 GMT[22m
[2m    - transfer-encoding: chunked[22m

Poll error (will retry): apiRequestContext.get: Timeout 10000ms exceeded.
Call log:
[2m  - → GET http://localhost:3000/api/scan/progress?scanId=scan_1759208586842_f8nuotk[22m
[2m    - user-agent: Mozilla/5.0 (Windows NT 10.0; Win64; x64) AppleWebKit/537.36 (KHTML, like Gecko) Chrome/140.0.7339.186 Safari/537.36[22m
[2m    - accept: */*[22m
[2m    - accept-encoding: gzip,deflate,br[22m
[2m  - ← 200 OK[22m
[2m    - content-security-policy: default-src 'self'; script-src 'self' 'unsafe-eval' 'unsafe-inline'; style-src 'self' 'unsafe-inline'; img-src 'self' data: https:; font-src 'self' data:; connect-src 'self' https:;[22m
[2m    - referrer-policy: strict-origin-when-cross-origin[22m
[2m    - x-content-type-options: nosniff[22m
[2m    - x-frame-options: DENY[22m
[2m    - x-ratelimit-limit: 1000[22m
[2m    - x-ratelimit-remaining: 999[22m
[2m    - x-ratelimit-reset: 2025-09-30T05:04:18.882Z[22m
[2m    - x-xss-protection: 1; mode=block[22m
[2m    - vary: rsc, next-router-state-tree, next-router-prefetch, next-router-segment-prefetch[22m
[2m    - cache-control: no-cache, no-transform[22m
[2m    - connection: keep-alive[22m
[2m    - content-type: text/event-stream[22m
[2m    - x-accel-buffering: no[22m
[2m    - date: Tue, 30 Sep 2025 05:03:19 GMT[22m
[2m    - transfer-encoding: chunked[22m

Poll error (will retry): apiRequestContext.get: Timeout 10000ms exceeded.
Call log:
[2m  - → GET http://localhost:3000/api/scan/progress?scanId=scan_1759208585784_t7066ei[22m
[2m    - user-agent: Mozilla/5.0 (Windows NT 10.0; Win64; x64) AppleWebKit/537.36 (KHTML, like Gecko) Chrome/140.0.7339.186 Safari/537.36[22m
[2m    - accept: */*[22m
[2m    - accept-encoding: gzip,deflate,br[22m
[2m  - ← 200 OK[22m
[2m    - content-security-policy: default-src 'self'; script-src 'self' 'unsafe-eval' 'unsafe-inline'; style-src 'self' 'unsafe-inline'; img-src 'self' data: https:; font-src 'self' data:; connect-src 'self' https:;[22m
[2m    - referrer-policy: strict-origin-when-cross-origin[22m
[2m    - x-content-type-options: nosniff[22m
[2m    - x-frame-options: DENY[22m
[2m    - x-ratelimit-limit: 1000[22m
[2m    - x-ratelimit-remaining: 999[22m
[2m    - x-ratelimit-reset: 2025-09-30T05:04:30.892Z[22m
[2m    - x-xss-protection: 1; mode=block[22m
[2m    - vary: rsc, next-router-state-tree, next-router-prefetch, next-router-segment-prefetch[22m
[2m    - cache-control: no-cache, no-transform[22m
[2m    - connection: keep-alive[22m
[2m    - content-type: text/event-stream[22m
[2m    - x-accel-buffering: no[22m
[2m    - date: Tue, 30 Sep 2025 05:03:31 GMT[22m
[2m    - transfer-encoding: chunked[22m

Poll error (will retry): apiRequestContext.get: Timeout 10000ms exceeded.
Call log:
[2m  - → GET http://localhost:3000/api/scan/progress?scanId=scan_1759208586055_a9d1wsm[22m
[2m    - user-agent: Mozilla/5.0 (Windows NT 10.0; Win64; x64) AppleWebKit/537.36 (KHTML, like Gecko) Chrome/140.0.7339.186 Safari/537.36[22m
[2m    - accept: */*[22m
[2m    - accept-encoding: gzip,deflate,br[22m
[2m  - ← 200 OK[22m
[2m    - content-security-policy: default-src 'self'; script-src 'self' 'unsafe-eval' 'unsafe-inline'; style-src 'self' 'unsafe-inline'; img-src 'self' data: https:; font-src 'self' data:; connect-src 'self' https:;[22m
[2m    - referrer-policy: strict-origin-when-cross-origin[22m
[2m    - x-content-type-options: nosniff[22m
[2m    - x-frame-options: DENY[22m
[2m    - x-ratelimit-limit: 1000[22m
[2m    - x-ratelimit-remaining: 999[22m
[2m    - x-ratelimit-reset: 2025-09-30T05:04:30.891Z[22m
[2m    - x-xss-protection: 1; mode=block[22m
[2m    - vary: rsc, next-router-state-tree, next-router-prefetch, next-router-segment-prefetch[22m
[2m    - cache-control: no-cache, no-transform[22m
[2m    - connection: keep-alive[22m
[2m    - content-type: text/event-stream[22m
[2m    - x-accel-buffering: no[22m
[2m    - date: Tue, 30 Sep 2025 05:03:31 GMT[22m
[2m    - transfer-encoding: chunked[22m

Poll error (will retry): apiRequestContext.get: Timeout 10000ms exceeded.
Call log:
[2m  - → GET http://localhost:3000/api/scan/progress?scanId=scan_1759208586301_xfhy88u[22m
[2m    - user-agent: Mozilla/5.0 (Windows NT 10.0; Win64; x64) AppleWebKit/537.36 (KHTML, like Gecko) Chrome/140.0.7339.186 Safari/537.36[22m
[2m    - accept: */*[22m
[2m    - accept-encoding: gzip,deflate,br[22m
[2m  - ← 200 OK[22m
[2m    - content-security-policy: default-src 'self'; script-src 'self' 'unsafe-eval' 'unsafe-inline'; style-src 'self' 'unsafe-inline'; img-src 'self' data: https:; font-src 'self' data:; connect-src 'self' https:;[22m
[2m    - referrer-policy: strict-origin-when-cross-origin[22m
[2m    - x-content-type-options: nosniff[22m
[2m    - x-frame-options: DENY[22m
[2m    - x-ratelimit-limit: 1000[22m
[2m    - x-ratelimit-remaining: 999[22m
[2m    - x-ratelimit-reset: 2025-09-30T05:04:30.893Z[22m
[2m    - x-xss-protection: 1; mode=block[22m
[2m    - vary: rsc, next-router-state-tree, next-router-prefetch, next-router-segment-prefetch[22m
[2m    - cache-control: no-cache, no-transform[22m
[2m    - connection: keep-alive[22m
[2m    - content-type: text/event-stream[22m
[2m    - x-accel-buffering: no[22m
[2m    - date: Tue, 30 Sep 2025 05:03:31 GMT[22m
[2m    - transfer-encoding: chunked[22m

Poll error (will retry): apiRequestContext.get: Timeout 10000ms exceeded.
Call log:
[2m  - → GET http://localhost:3000/api/scan/progress?scanId=scan_1759208586564_wice8gk[22m
[2m    - user-agent: Mozilla/5.0 (Windows NT 10.0; Win64; x64) AppleWebKit/537.36 (KHTML, like Gecko) Chrome/140.0.7339.186 Safari/537.36[22m
[2m    - accept: */*[22m
[2m    - accept-encoding: gzip,deflate,br[22m
[2m  - ← 200 OK[22m
[2m    - content-security-policy: default-src 'self'; script-src 'self' 'unsafe-eval' 'unsafe-inline'; style-src 'self' 'unsafe-inline'; img-src 'self' data: https:; font-src 'self' data:; connect-src 'self' https:;[22m
[2m    - referrer-policy: strict-origin-when-cross-origin[22m
[2m    - x-content-type-options: nosniff[22m
[2m    - x-frame-options: DENY[22m
[2m    - x-ratelimit-limit: 1000[22m
[2m    - x-ratelimit-remaining: 999[22m
[2m    - x-ratelimit-reset: 2025-09-30T05:04:30.895Z[22m
[2m    - x-xss-protection: 1; mode=block[22m
[2m    - vary: rsc, next-router-state-tree, next-router-prefetch, next-router-segment-prefetch[22m
[2m    - cache-control: no-cache, no-transform[22m
[2m    - connection: keep-alive[22m
[2m    - content-type: text/event-stream[22m
[2m    - x-accel-buffering: no[22m
[2m    - date: Tue, 30 Sep 2025 05:03:31 GMT[22m
[2m    - transfer-encoding: chunked[22m

Poll error (will retry): apiRequestContext.get: Timeout 10000ms exceeded.
Call log:
[2m  - → GET http://localhost:3000/api/scan/progress?scanId=scan_1759208586842_f8nuotk[22m
[2m    - user-agent: Mozilla/5.0 (Windows NT 10.0; Win64; x64) AppleWebKit/537.36 (KHTML, like Gecko) Chrome/140.0.7339.186 Safari/537.36[22m
[2m    - accept: */*[22m
[2m    - accept-encoding: gzip,deflate,br[22m
[2m  - ← 200 OK[22m
[2m    - content-security-policy: default-src 'self'; script-src 'self' 'unsafe-eval' 'unsafe-inline'; style-src 'self' 'unsafe-inline'; img-src 'self' data: https:; font-src 'self' data:; connect-src 'self' https:;[22m
[2m    - referrer-policy: strict-origin-when-cross-origin[22m
[2m    - x-content-type-options: nosniff[22m
[2m    - x-frame-options: DENY[22m
[2m    - x-ratelimit-limit: 1000[22m
[2m    - x-ratelimit-remaining: 999[22m
[2m    - x-ratelimit-reset: 2025-09-30T05:04:30.896Z[22m
[2m    - x-xss-protection: 1; mode=block[22m
[2m    - vary: rsc, next-router-state-tree, next-router-prefetch, next-router-segment-prefetch[22m
[2m    - cache-control: no-cache, no-transform[22m
[2m    - connection: keep-alive[22m
[2m    - content-type: text/event-stream[22m
[2m    - x-accel-buffering: no[22m
[2m    - date: Tue, 30 Sep 2025 05:03:31 GMT[22m
[2m    - transfer-encoding: chunked[22m

Poll error (will retry): apiRequestContext.get: Timeout 10000ms exceeded.
Call log:
[2m  - → GET http://localhost:3000/api/scan/progress?scanId=scan_1759208585784_t7066ei[22m
[2m    - user-agent: Mozilla/5.0 (Windows NT 10.0; Win64; x64) AppleWebKit/537.36 (KHTML, like Gecko) Chrome/140.0.7339.186 Safari/537.36[22m
[2m    - accept: */*[22m
[2m    - accept-encoding: gzip,deflate,br[22m
[2m  - ← 200 OK[22m
[2m    - content-security-policy: default-src 'self'; script-src 'self' 'unsafe-eval' 'unsafe-inline'; style-src 'self' 'unsafe-inline'; img-src 'self' data: https:; font-src 'self' data:; connect-src 'self' https:;[22m
[2m    - referrer-policy: strict-origin-when-cross-origin[22m
[2m    - x-content-type-options: nosniff[22m
[2m    - x-frame-options: DENY[22m
[2m    - x-ratelimit-limit: 1000[22m
[2m    - x-ratelimit-remaining: 999[22m
[2m    - x-ratelimit-reset: 2025-09-30T05:04:42.900Z[22m
[2m    - x-xss-protection: 1; mode=block[22m
[2m    - vary: rsc, next-router-state-tree, next-router-prefetch, next-router-segment-prefetch[22m
[2m    - cache-control: no-cache, no-transform[22m
[2m    - connection: keep-alive[22m
[2m    - content-type: text/event-stream[22m
[2m    - x-accel-buffering: no[22m
[2m    - date: Tue, 30 Sep 2025 05:03:43 GMT[22m
[2m    - transfer-encoding: chunked[22m

Poll error (will retry): apiRequestContext.get: Timeout 10000ms exceeded.
Call log:
[2m  - → GET http://localhost:3000/api/scan/progress?scanId=scan_1759208586055_a9d1wsm[22m
[2m    - user-agent: Mozilla/5.0 (Windows NT 10.0; Win64; x64) AppleWebKit/537.36 (KHTML, like Gecko) Chrome/140.0.7339.186 Safari/537.36[22m
[2m    - accept: */*[22m
[2m    - accept-encoding: gzip,deflate,br[22m
[2m  - ← 200 OK[22m
[2m    - content-security-policy: default-src 'self'; script-src 'self' 'unsafe-eval' 'unsafe-inline'; style-src 'self' 'unsafe-inline'; img-src 'self' data: https:; font-src 'self' data:; connect-src 'self' https:;[22m
[2m    - referrer-policy: strict-origin-when-cross-origin[22m
[2m    - x-content-type-options: nosniff[22m
[2m    - x-frame-options: DENY[22m
[2m    - x-ratelimit-limit: 1000[22m
[2m    - x-ratelimit-remaining: 999[22m
[2m    - x-ratelimit-reset: 2025-09-30T05:04:42.901Z[22m
[2m    - x-xss-protection: 1; mode=block[22m
[2m    - vary: rsc, next-router-state-tree, next-router-prefetch, next-router-segment-prefetch[22m
[2m    - cache-control: no-cache, no-transform[22m
[2m    - connection: keep-alive[22m
[2m    - content-type: text/event-stream[22m
[2m    - x-accel-buffering: no[22m
[2m    - date: Tue, 30 Sep 2025 05:03:43 GMT[22m
[2m    - transfer-encoding: chunked[22m

Poll error (will retry): apiRequestContext.get: Timeout 10000ms exceeded.
Call log:
[2m  - → GET http://localhost:3000/api/scan/progress?scanId=scan_1759208586301_xfhy88u[22m
[2m    - user-agent: Mozilla/5.0 (Windows NT 10.0; Win64; x64) AppleWebKit/537.36 (KHTML, like Gecko) Chrome/140.0.7339.186 Safari/537.36[22m
[2m    - accept: */*[22m
[2m    - accept-encoding: gzip,deflate,br[22m
[2m  - ← 200 OK[22m
[2m    - content-security-policy: default-src 'self'; script-src 'self' 'unsafe-eval' 'unsafe-inline'; style-src 'self' 'unsafe-inline'; img-src 'self' data: https:; font-src 'self' data:; connect-src 'self' https:;[22m
[2m    - referrer-policy: strict-origin-when-cross-origin[22m
[2m    - x-content-type-options: nosniff[22m
[2m    - x-frame-options: DENY[22m
[2m    - x-ratelimit-limit: 1000[22m
[2m    - x-ratelimit-remaining: 999[22m
[2m    - x-ratelimit-reset: 2025-09-30T05:04:42.903Z[22m
[2m    - x-xss-protection: 1; mode=block[22m
[2m    - vary: rsc, next-router-state-tree, next-router-prefetch, next-router-segment-prefetch[22m
[2m    - cache-control: no-cache, no-transform[22m
[2m    - connection: keep-alive[22m
[2m    - content-type: text/event-stream[22m
[2m    - x-accel-buffering: no[22m
[2m    - date: Tue, 30 Sep 2025 05:03:43 GMT[22m
[2m    - transfer-encoding: chunked[22m

Poll error (will retry): apiRequestContext.get: Timeout 10000ms exceeded.
Call log:
[2m  - → GET http://localhost:3000/api/scan/progress?scanId=scan_1759208586564_wice8gk[22m
[2m    - user-agent: Mozilla/5.0 (Windows NT 10.0; Win64; x64) AppleWebKit/537.36 (KHTML, like Gecko) Chrome/140.0.7339.186 Safari/537.36[22m
[2m    - accept: */*[22m
[2m    - accept-encoding: gzip,deflate,br[22m
[2m  - ← 200 OK[22m
[2m    - content-security-policy: default-src 'self'; script-src 'self' 'unsafe-eval' 'unsafe-inline'; style-src 'self' 'unsafe-inline'; img-src 'self' data: https:; font-src 'self' data:; connect-src 'self' https:;[22m
[2m    - referrer-policy: strict-origin-when-cross-origin[22m
[2m    - x-content-type-options: nosniff[22m
[2m    - x-frame-options: DENY[22m
[2m    - x-ratelimit-limit: 1000[22m
[2m    - x-ratelimit-remaining: 999[22m
[2m    - x-ratelimit-reset: 2025-09-30T05:04:42.902Z[22m
[2m    - x-xss-protection: 1; mode=block[22m
[2m    - vary: rsc, next-router-state-tree, next-router-prefetch, next-router-segment-prefetch[22m
[2m    - cache-control: no-cache, no-transform[22m
[2m    - connection: keep-alive[22m
[2m    - content-type: text/event-stream[22m
[2m    - x-accel-buffering: no[22m
[2m    - date: Tue, 30 Sep 2025 05:03:43 GMT[22m
[2m    - transfer-encoding: chunked[22m

Poll error (will retry): apiRequestContext.get: Timeout 10000ms exceeded.
Call log:
[2m  - → GET http://localhost:3000/api/scan/progress?scanId=scan_1759208586842_f8nuotk[22m
[2m    - user-agent: Mozilla/5.0 (Windows NT 10.0; Win64; x64) AppleWebKit/537.36 (KHTML, like Gecko) Chrome/140.0.7339.186 Safari/537.36[22m
[2m    - accept: */*[22m
[2m    - accept-encoding: gzip,deflate,br[22m
[2m  - ← 200 OK[22m
[2m    - content-security-policy: default-src 'self'; script-src 'self' 'unsafe-eval' 'unsafe-inline'; style-src 'self' 'unsafe-inline'; img-src 'self' data: https:; font-src 'self' data:; connect-src 'self' https:;[22m
[2m    - referrer-policy: strict-origin-when-cross-origin[22m
[2m    - x-content-type-options: nosniff[22m
[2m    - x-frame-options: DENY[22m
[2m    - x-ratelimit-limit: 1000[22m
[2m    - x-ratelimit-remaining: 999[22m
[2m    - x-ratelimit-reset: 2025-09-30T05:04:42.904Z[22m
[2m    - x-xss-protection: 1; mode=block[22m
[2m    - vary: rsc, next-router-state-tree, next-router-prefetch, next-router-segment-prefetch[22m
[2m    - cache-control: no-cache, no-transform[22m
[2m    - connection: keep-alive[22m
[2m    - content-type: text/event-stream[22m
[2m    - x-accel-buffering: no[22m
[2m    - date: Tue, 30 Sep 2025 05:03:43 GMT[22m
[2m    - transfer-encoding: chunked[22m

Poll error (will retry): apiRequestContext.get: Timeout 10000ms exceeded.
Call log:
[2m  - → GET http://localhost:3000/api/scan/progress?scanId=scan_1759208585784_t7066ei[22m
[2m    - user-agent: Mozilla/5.0 (Windows NT 10.0; Win64; x64) AppleWebKit/537.36 (KHTML, like Gecko) Chrome/140.0.7339.186 Safari/537.36[22m
[2m    - accept: */*[22m
[2m    - accept-encoding: gzip,deflate,br[22m
[2m  - ← 200 OK[22m
[2m    - content-security-policy: default-src 'self'; script-src 'self' 'unsafe-eval' 'unsafe-inline'; style-src 'self' 'unsafe-inline'; img-src 'self' data: https:; font-src 'self' data:; connect-src 'self' https:;[22m
[2m    - referrer-policy: strict-origin-when-cross-origin[22m
[2m    - x-content-type-options: nosniff[22m
[2m    - x-frame-options: DENY[22m
[2m    - x-ratelimit-limit: 1000[22m
[2m    - x-ratelimit-remaining: 999[22m
[2m    - x-ratelimit-reset: 2025-09-30T05:04:54.926Z[22m
[2m    - x-xss-protection: 1; mode=block[22m
[2m    - vary: rsc, next-router-state-tree, next-router-prefetch, next-router-segment-prefetch[22m
[2m    - cache-control: no-cache, no-transform[22m
[2m    - connection: keep-alive[22m
[2m    - content-type: text/event-stream[22m
[2m    - x-accel-buffering: no[22m
[2m    - date: Tue, 30 Sep 2025 05:03:55 GMT[22m
[2m    - transfer-encoding: chunked[22m

Poll error (will retry): apiRequestContext.get: Timeout 10000ms exceeded.
Call log:
[2m  - → GET http://localhost:3000/api/scan/progress?scanId=scan_1759208586055_a9d1wsm[22m
[2m    - user-agent: Mozilla/5.0 (Windows NT 10.0; Win64; x64) AppleWebKit/537.36 (KHTML, like Gecko) Chrome/140.0.7339.186 Safari/537.36[22m
[2m    - accept: */*[22m
[2m    - accept-encoding: gzip,deflate,br[22m
[2m  - ← 200 OK[22m
[2m    - content-security-policy: default-src 'self'; script-src 'self' 'unsafe-eval' 'unsafe-inline'; style-src 'self' 'unsafe-inline'; img-src 'self' data: https:; font-src 'self' data:; connect-src 'self' https:;[22m
[2m    - referrer-policy: strict-origin-when-cross-origin[22m
[2m    - x-content-type-options: nosniff[22m
[2m    - x-frame-options: DENY[22m
[2m    - x-ratelimit-limit: 1000[22m
[2m    - x-ratelimit-remaining: 999[22m
[2m    - x-ratelimit-reset: 2025-09-30T05:04:54.925Z[22m
[2m    - x-xss-protection: 1; mode=block[22m
[2m    - vary: rsc, next-router-state-tree, next-router-prefetch, next-router-segment-prefetch[22m
[2m    - cache-control: no-cache, no-transform[22m
[2m    - connection: keep-alive[22m
[2m    - content-type: text/event-stream[22m
[2m    - x-accel-buffering: no[22m
[2m    - date: Tue, 30 Sep 2025 05:03:55 GMT[22m
[2m    - transfer-encoding: chunked[22m

Poll error (will retry): apiRequestContext.get: Timeout 10000ms exceeded.
Call log:
[2m  - → GET http://localhost:3000/api/scan/progress?scanId=scan_1759208586301_xfhy88u[22m
[2m    - user-agent: Mozilla/5.0 (Windows NT 10.0; Win64; x64) AppleWebKit/537.36 (KHTML, like Gecko) Chrome/140.0.7339.186 Safari/537.36[22m
[2m    - accept: */*[22m
[2m    - accept-encoding: gzip,deflate,br[22m
[2m  - ← 200 OK[22m
[2m    - content-security-policy: default-src 'self'; script-src 'self' 'unsafe-eval' 'unsafe-inline'; style-src 'self' 'unsafe-inline'; img-src 'self' data: https:; font-src 'self' data:; connect-src 'self' https:;[22m
[2m    - referrer-policy: strict-origin-when-cross-origin[22m
[2m    - x-content-type-options: nosniff[22m
[2m    - x-frame-options: DENY[22m
[2m    - x-ratelimit-limit: 1000[22m
[2m    - x-ratelimit-remaining: 999[22m
[2m    - x-ratelimit-reset: 2025-09-30T05:04:54.928Z[22m
[2m    - x-xss-protection: 1; mode=block[22m
[2m    - vary: rsc, next-router-state-tree, next-router-prefetch, next-router-segment-prefetch[22m
[2m    - cache-control: no-cache, no-transform[22m
[2m    - connection: keep-alive[22m
[2m    - content-type: text/event-stream[22m
[2m    - x-accel-buffering: no[22m
[2m    - date: Tue, 30 Sep 2025 05:03:55 GMT[22m
[2m    - transfer-encoding: chunked[22m

Poll error (will retry): apiRequestContext.get: Timeout 10000ms exceeded.
Call log:
[2m  - → GET http://localhost:3000/api/scan/progress?scanId=scan_1759208586564_wice8gk[22m
[2m    - user-agent: Mozilla/5.0 (Windows NT 10.0; Win64; x64) AppleWebKit/537.36 (KHTML, like Gecko) Chrome/140.0.7339.186 Safari/537.36[22m
[2m    - accept: */*[22m
[2m    - accept-encoding: gzip,deflate,br[22m
[2m  - ← 200 OK[22m
[2m    - content-security-policy: default-src 'self'; script-src 'self' 'unsafe-eval' 'unsafe-inline'; style-src 'self' 'unsafe-inline'; img-src 'self' data: https:; font-src 'self' data:; connect-src 'self' https:;[22m
[2m    - referrer-policy: strict-origin-when-cross-origin[22m
[2m    - x-content-type-options: nosniff[22m
[2m    - x-frame-options: DENY[22m
[2m    - x-ratelimit-limit: 1000[22m
[2m    - x-ratelimit-remaining: 999[22m
[2m    - x-ratelimit-reset: 2025-09-30T05:04:54.929Z[22m
[2m    - x-xss-protection: 1; mode=block[22m
[2m    - vary: rsc, next-router-state-tree, next-router-prefetch, next-router-segment-prefetch[22m
[2m    - cache-control: no-cache, no-transform[22m
[2m    - connection: keep-alive[22m
[2m    - content-type: text/event-stream[22m
[2m    - x-accel-buffering: no[22m
[2m    - date: Tue, 30 Sep 2025 05:03:55 GMT[22m
[2m    - transfer-encoding: chunked[22m

Poll error (will retry): apiRequestContext.get: Timeout 10000ms exceeded.
Call log:
[2m  - → GET http://localhost:3000/api/scan/progress?scanId=scan_1759208586842_f8nuotk[22m
[2m    - user-agent: Mozilla/5.0 (Windows NT 10.0; Win64; x64) AppleWebKit/537.36 (KHTML, like Gecko) Chrome/140.0.7339.186 Safari/537.36[22m
[2m    - accept: */*[22m
[2m    - accept-encoding: gzip,deflate,br[22m
[2m  - ← 200 OK[22m
[2m    - content-security-policy: default-src 'self'; script-src 'self' 'unsafe-eval' 'unsafe-inline'; style-src 'self' 'unsafe-inline'; img-src 'self' data: https:; font-src 'self' data:; connect-src 'self' https:;[22m
[2m    - referrer-policy: strict-origin-when-cross-origin[22m
[2m    - x-content-type-options: nosniff[22m
[2m    - x-frame-options: DENY[22m
[2m    - x-ratelimit-limit: 1000[22m
[2m    - x-ratelimit-remaining: 999[22m
[2m    - x-ratelimit-reset: 2025-09-30T05:04:54.933Z[22m
[2m    - x-xss-protection: 1; mode=block[22m
[2m    - vary: rsc, next-router-state-tree, next-router-prefetch, next-router-segment-prefetch[22m
[2m    - cache-control: no-cache, no-transform[22m
[2m    - connection: keep-alive[22m
[2m    - content-type: text/event-stream[22m
[2m    - x-accel-buffering: no[22m
[2m    - date: Tue, 30 Sep 2025 05:03:55 GMT[22m
[2m    - transfer-encoding: chunked[22m

Poll error (will retry): apiRequestContext.get: Timeout 10000ms exceeded.
Call log:
[2m  - → GET http://localhost:3000/api/scan/progress?scanId=scan_1759208585784_t7066ei[22m
[2m    - user-agent: Mozilla/5.0 (Windows NT 10.0; Win64; x64) AppleWebKit/537.36 (KHTML, like Gecko) Chrome/140.0.7339.186 Safari/537.36[22m
[2m    - accept: */*[22m
[2m    - accept-encoding: gzip,deflate,br[22m
[2m  - ← 200 OK[22m
[2m    - content-security-policy: default-src 'self'; script-src 'self' 'unsafe-eval' 'unsafe-inline'; style-src 'self' 'unsafe-inline'; img-src 'self' data: https:; font-src 'self' data:; connect-src 'self' https:;[22m
[2m    - referrer-policy: strict-origin-when-cross-origin[22m
[2m    - x-content-type-options: nosniff[22m
[2m    - x-frame-options: DENY[22m
[2m    - x-ratelimit-limit: 1000[22m
[2m    - x-ratelimit-remaining: 999[22m
[2m    - x-ratelimit-reset: 2025-09-30T05:05:06.914Z[22m
[2m    - x-xss-protection: 1; mode=block[22m
[2m    - vary: rsc, next-router-state-tree, next-router-prefetch, next-router-segment-prefetch[22m
[2m    - cache-control: no-cache, no-transform[22m
[2m    - connection: keep-alive[22m
[2m    - content-type: text/event-stream[22m
[2m    - x-accel-buffering: no[22m
[2m    - date: Tue, 30 Sep 2025 05:04:07 GMT[22m
[2m    - transfer-encoding: chunked[22m

Poll error (will retry): apiRequestContext.get: Timeout 10000ms exceeded.
Call log:
[2m  - → GET http://localhost:3000/api/scan/progress?scanId=scan_1759208586055_a9d1wsm[22m
[2m    - user-agent: Mozilla/5.0 (Windows NT 10.0; Win64; x64) AppleWebKit/537.36 (KHTML, like Gecko) Chrome/140.0.7339.186 Safari/537.36[22m
[2m    - accept: */*[22m
[2m    - accept-encoding: gzip,deflate,br[22m
[2m  - ← 200 OK[22m
[2m    - content-security-policy: default-src 'self'; script-src 'self' 'unsafe-eval' 'unsafe-inline'; style-src 'self' 'unsafe-inline'; img-src 'self' data: https:; font-src 'self' data:; connect-src 'self' https:;[22m
[2m    - referrer-policy: strict-origin-when-cross-origin[22m
[2m    - x-content-type-options: nosniff[22m
[2m    - x-frame-options: DENY[22m
[2m    - x-ratelimit-limit: 1000[22m
[2m    - x-ratelimit-remaining: 999[22m
[2m    - x-ratelimit-reset: 2025-09-30T05:05:06.915Z[22m
[2m    - x-xss-protection: 1; mode=block[22m
[2m    - vary: rsc, next-router-state-tree, next-router-prefetch, next-router-segment-prefetch[22m
[2m    - cache-control: no-cache, no-transform[22m
[2m    - connection: keep-alive[22m
[2m    - content-type: text/event-stream[22m
[2m    - x-accel-buffering: no[22m
[2m    - date: Tue, 30 Sep 2025 05:04:07 GMT[22m
[2m    - transfer-encoding: chunked[22m

Poll error (will retry): apiRequestContext.get: Timeout 10000ms exceeded.
Call log:
[2m  - → GET http://localhost:3000/api/scan/progress?scanId=scan_1759208586301_xfhy88u[22m
[2m    - user-agent: Mozilla/5.0 (Windows NT 10.0; Win64; x64) AppleWebKit/537.36 (KHTML, like Gecko) Chrome/140.0.7339.186 Safari/537.36[22m
[2m    - accept: */*[22m
[2m    - accept-encoding: gzip,deflate,br[22m
[2m  - ← 200 OK[22m
[2m    - content-security-policy: default-src 'self'; script-src 'self' 'unsafe-eval' 'unsafe-inline'; style-src 'self' 'unsafe-inline'; img-src 'self' data: https:; font-src 'self' data:; connect-src 'self' https:;[22m
[2m    - referrer-policy: strict-origin-when-cross-origin[22m
[2m    - x-content-type-options: nosniff[22m
[2m    - x-frame-options: DENY[22m
[2m    - x-ratelimit-limit: 1000[22m
[2m    - x-ratelimit-remaining: 999[22m
[2m    - x-ratelimit-reset: 2025-09-30T05:05:06.916Z[22m
[2m    - x-xss-protection: 1; mode=block[22m
[2m    - vary: rsc, next-router-state-tree, next-router-prefetch, next-router-segment-prefetch[22m
[2m    - cache-control: no-cache, no-transform[22m
[2m    - connection: keep-alive[22m
[2m    - content-type: text/event-stream[22m
[2m    - x-accel-buffering: no[22m
[2m    - date: Tue, 30 Sep 2025 05:04:07 GMT[22m
[2m    - transfer-encoding: chunked[22m

Poll error (will retry): apiRequestContext.get: Timeout 10000ms exceeded.
Call log:
[2m  - → GET http://localhost:3000/api/scan/progress?scanId=scan_1759208586564_wice8gk[22m
[2m    - user-agent: Mozilla/5.0 (Windows NT 10.0; Win64; x64) AppleWebKit/537.36 (KHTML, like Gecko) Chrome/140.0.7339.186 Safari/537.36[22m
[2m    - accept: */*[22m
[2m    - accept-encoding: gzip,deflate,br[22m
[2m  - ← 200 OK[22m
[2m    - content-security-policy: default-src 'self'; script-src 'self' 'unsafe-eval' 'unsafe-inline'; style-src 'self' 'unsafe-inline'; img-src 'self' data: https:; font-src 'self' data:; connect-src 'self' https:;[22m
[2m    - referrer-policy: strict-origin-when-cross-origin[22m
[2m    - x-content-type-options: nosniff[22m
[2m    - x-frame-options: DENY[22m
[2m    - x-ratelimit-limit: 1000[22m
[2m    - x-ratelimit-remaining: 999[22m
[2m    - x-ratelimit-reset: 2025-09-30T05:05:06.917Z[22m
[2m    - x-xss-protection: 1; mode=block[22m
[2m    - vary: rsc, next-router-state-tree, next-router-prefetch, next-router-segment-prefetch[22m
[2m    - cache-control: no-cache, no-transform[22m
[2m    - connection: keep-alive[22m
[2m    - content-type: text/event-stream[22m
[2m    - x-accel-buffering: no[22m
[2m    - date: Tue, 30 Sep 2025 05:04:07 GMT[22m
[2m    - transfer-encoding: chunked[22m

Poll error (will retry): apiRequestContext.get: Timeout 10000ms exceeded.
Call log:
[2m  - → GET http://localhost:3000/api/scan/progress?scanId=scan_1759208586842_f8nuotk[22m
[2m    - user-agent: Mozilla/5.0 (Windows NT 10.0; Win64; x64) AppleWebKit/537.36 (KHTML, like Gecko) Chrome/140.0.7339.186 Safari/537.36[22m
[2m    - accept: */*[22m
[2m    - accept-encoding: gzip,deflate,br[22m
[2m  - ← 200 OK[22m
[2m    - content-security-policy: default-src 'self'; script-src 'self' 'unsafe-eval' 'unsafe-inline'; style-src 'self' 'unsafe-inline'; img-src 'self' data: https:; font-src 'self' data:; connect-src 'self' https:;[22m
[2m    - referrer-policy: strict-origin-when-cross-origin[22m
[2m    - x-content-type-options: nosniff[22m
[2m    - x-frame-options: DENY[22m
[2m    - x-ratelimit-limit: 1000[22m
[2m    - x-ratelimit-remaining: 999[22m
[2m    - x-ratelimit-reset: 2025-09-30T05:05:06.918Z[22m
[2m    - x-xss-protection: 1; mode=block[22m
[2m    - vary: rsc, next-router-state-tree, next-router-prefetch, next-router-segment-prefetch[22m
[2m    - cache-control: no-cache, no-transform[22m
[2m    - connection: keep-alive[22m
[2m    - content-type: text/event-stream[22m
[2m    - x-accel-buffering: no[22m
[2m    - date: Tue, 30 Sep 2025 05:04:07 GMT[22m
[2m    - transfer-encoding: chunked[22m

Poll error (will retry): apiRequestContext.get: Timeout 10000ms exceeded.
Call log:
[2m  - → GET http://localhost:3000/api/scan/progress?scanId=scan_1759208585784_t7066ei[22m
[2m    - user-agent: Mozilla/5.0 (Windows NT 10.0; Win64; x64) AppleWebKit/537.36 (KHTML, like Gecko) Chrome/140.0.7339.186 Safari/537.36[22m
[2m    - accept: */*[22m
[2m    - accept-encoding: gzip,deflate,br[22m
[2m  - ← 200 OK[22m
[2m    - content-security-policy: default-src 'self'; script-src 'self' 'unsafe-eval' 'unsafe-inline'; style-src 'self' 'unsafe-inline'; img-src 'self' data: https:; font-src 'self' data:; connect-src 'self' https:;[22m
[2m    - referrer-policy: strict-origin-when-cross-origin[22m
[2m    - x-content-type-options: nosniff[22m
[2m    - x-frame-options: DENY[22m
[2m    - x-ratelimit-limit: 1000[22m
[2m    - x-ratelimit-remaining: 999[22m
[2m    - x-ratelimit-reset: 2025-09-30T05:05:18.923Z[22m
[2m    - x-xss-protection: 1; mode=block[22m
[2m    - vary: rsc, next-router-state-tree, next-router-prefetch, next-router-segment-prefetch[22m
[2m    - cache-control: no-cache, no-transform[22m
[2m    - connection: keep-alive[22m
[2m    - content-type: text/event-stream[22m
[2m    - x-accel-buffering: no[22m
[2m    - date: Tue, 30 Sep 2025 05:04:19 GMT[22m
[2m    - transfer-encoding: chunked[22m

Poll error (will retry): apiRequestContext.get: Timeout 10000ms exceeded.
Call log:
[2m  - → GET http://localhost:3000/api/scan/progress?scanId=scan_1759208586055_a9d1wsm[22m
[2m    - user-agent: Mozilla/5.0 (Windows NT 10.0; Win64; x64) AppleWebKit/537.36 (KHTML, like Gecko) Chrome/140.0.7339.186 Safari/537.36[22m
[2m    - accept: */*[22m
[2m    - accept-encoding: gzip,deflate,br[22m
[2m  - ← 200 OK[22m
[2m    - content-security-policy: default-src 'self'; script-src 'self' 'unsafe-eval' 'unsafe-inline'; style-src 'self' 'unsafe-inline'; img-src 'self' data: https:; font-src 'self' data:; connect-src 'self' https:;[22m
[2m    - referrer-policy: strict-origin-when-cross-origin[22m
[2m    - x-content-type-options: nosniff[22m
[2m    - x-frame-options: DENY[22m
[2m    - x-ratelimit-limit: 1000[22m
[2m    - x-ratelimit-remaining: 999[22m
[2m    - x-ratelimit-reset: 2025-09-30T05:05:18.926Z[22m
[2m    - x-xss-protection: 1; mode=block[22m
[2m    - vary: rsc, next-router-state-tree, next-router-prefetch, next-router-segment-prefetch[22m
[2m    - cache-control: no-cache, no-transform[22m
[2m    - connection: keep-alive[22m
[2m    - content-type: text/event-stream[22m
[2m    - x-accel-buffering: no[22m
[2m    - date: Tue, 30 Sep 2025 05:04:19 GMT[22m
[2m    - transfer-encoding: chunked[22m

Poll error (will retry): apiRequestContext.get: Timeout 10000ms exceeded.
Call log:
[2m  - → GET http://localhost:3000/api/scan/progress?scanId=scan_1759208586301_xfhy88u[22m
[2m    - user-agent: Mozilla/5.0 (Windows NT 10.0; Win64; x64) AppleWebKit/537.36 (KHTML, like Gecko) Chrome/140.0.7339.186 Safari/537.36[22m
[2m    - accept: */*[22m
[2m    - accept-encoding: gzip,deflate,br[22m
[2m  - ← 200 OK[22m
[2m    - content-security-policy: default-src 'self'; script-src 'self' 'unsafe-eval' 'unsafe-inline'; style-src 'self' 'unsafe-inline'; img-src 'self' data: https:; font-src 'self' data:; connect-src 'self' https:;[22m
[2m    - referrer-policy: strict-origin-when-cross-origin[22m
[2m    - x-content-type-options: nosniff[22m
[2m    - x-frame-options: DENY[22m
[2m    - x-ratelimit-limit: 1000[22m
[2m    - x-ratelimit-remaining: 999[22m
[2m    - x-ratelimit-reset: 2025-09-30T05:05:18.927Z[22m
[2m    - x-xss-protection: 1; mode=block[22m
[2m    - vary: rsc, next-router-state-tree, next-router-prefetch, next-router-segment-prefetch[22m
[2m    - cache-control: no-cache, no-transform[22m
[2m    - connection: keep-alive[22m
[2m    - content-type: text/event-stream[22m
[2m    - x-accel-buffering: no[22m
[2m    - date: Tue, 30 Sep 2025 05:04:19 GMT[22m
[2m    - transfer-encoding: chunked[22m

Poll error (will retry): apiRequestContext.get: Timeout 10000ms exceeded.
Call log:
[2m  - → GET http://localhost:3000/api/scan/progress?scanId=scan_1759208586564_wice8gk[22m
[2m    - user-agent: Mozilla/5.0 (Windows NT 10.0; Win64; x64) AppleWebKit/537.36 (KHTML, like Gecko) Chrome/140.0.7339.186 Safari/537.36[22m
[2m    - accept: */*[22m
[2m    - accept-encoding: gzip,deflate,br[22m
[2m  - ← 200 OK[22m
[2m    - content-security-policy: default-src 'self'; script-src 'self' 'unsafe-eval' 'unsafe-inline'; style-src 'self' 'unsafe-inline'; img-src 'self' data: https:; font-src 'self' data:; connect-src 'self' https:;[22m
[2m    - referrer-policy: strict-origin-when-cross-origin[22m
[2m    - x-content-type-options: nosniff[22m
[2m    - x-frame-options: DENY[22m
[2m    - x-ratelimit-limit: 1000[22m
[2m    - x-ratelimit-remaining: 999[22m
[2m    - x-ratelimit-reset: 2025-09-30T05:05:18.928Z[22m
[2m    - x-xss-protection: 1; mode=block[22m
[2m    - vary: rsc, next-router-state-tree, next-router-prefetch, next-router-segment-prefetch[22m
[2m    - cache-control: no-cache, no-transform[22m
[2m    - connection: keep-alive[22m
[2m    - content-type: text/event-stream[22m
[2m    - x-accel-buffering: no[22m
[2m    - date: Tue, 30 Sep 2025 05:04:19 GMT[22m
[2m    - transfer-encoding: chunked[22m

Poll error (will retry): apiRequestContext.get: Timeout 10000ms exceeded.
Call log:
[2m  - → GET http://localhost:3000/api/scan/progress?scanId=scan_1759208586842_f8nuotk[22m
[2m    - user-agent: Mozilla/5.0 (Windows NT 10.0; Win64; x64) AppleWebKit/537.36 (KHTML, like Gecko) Chrome/140.0.7339.186 Safari/537.36[22m
[2m    - accept: */*[22m
[2m    - accept-encoding: gzip,deflate,br[22m
[2m  - ← 200 OK[22m
[2m    - content-security-policy: default-src 'self'; script-src 'self' 'unsafe-eval' 'unsafe-inline'; style-src 'self' 'unsafe-inline'; img-src 'self' data: https:; font-src 'self' data:; connect-src 'self' https:;[22m
[2m    - referrer-policy: strict-origin-when-cross-origin[22m
[2m    - x-content-type-options: nosniff[22m
[2m    - x-frame-options: DENY[22m
[2m    - x-ratelimit-limit: 1000[22m
[2m    - x-ratelimit-remaining: 999[22m
[2m    - x-ratelimit-reset: 2025-09-30T05:05:18.932Z[22m
[2m    - x-xss-protection: 1; mode=block[22m
[2m    - vary: rsc, next-router-state-tree, next-router-prefetch, next-router-segment-prefetch[22m
[2m    - cache-control: no-cache, no-transform[22m
[2m    - connection: keep-alive[22m
[2m    - content-type: text/event-stream[22m
[2m    - x-accel-buffering: no[22m
[2m    - date: Tue, 30 Sep 2025 05:04:19 GMT[22m
[2m    - transfer-encoding: chunked[22m

Poll error (will retry): apiRequestContext.get: Timeout 10000ms exceeded.
Call log:
[2m  - → GET http://localhost:3000/api/scan/progress?scanId=scan_1759208585784_t7066ei[22m
[2m    - user-agent: Mozilla/5.0 (Windows NT 10.0; Win64; x64) AppleWebKit/537.36 (KHTML, like Gecko) Chrome/140.0.7339.186 Safari/537.36[22m
[2m    - accept: */*[22m
[2m    - accept-encoding: gzip,deflate,br[22m
[2m  - ← 200 OK[22m
[2m    - content-security-policy: default-src 'self'; script-src 'self' 'unsafe-eval' 'unsafe-inline'; style-src 'self' 'unsafe-inline'; img-src 'self' data: https:; font-src 'self' data:; connect-src 'self' https:;[22m
[2m    - referrer-policy: strict-origin-when-cross-origin[22m
[2m    - x-content-type-options: nosniff[22m
[2m    - x-frame-options: DENY[22m
[2m    - x-ratelimit-limit: 1000[22m
[2m    - x-ratelimit-remaining: 999[22m
[2m    - x-ratelimit-reset: 2025-09-30T05:05:30.934Z[22m
[2m    - x-xss-protection: 1; mode=block[22m
[2m    - vary: rsc, next-router-state-tree, next-router-prefetch, next-router-segment-prefetch[22m
[2m    - cache-control: no-cache, no-transform[22m
[2m    - connection: keep-alive[22m
[2m    - content-type: text/event-stream[22m
[2m    - x-accel-buffering: no[22m
[2m    - date: Tue, 30 Sep 2025 05:04:31 GMT[22m
[2m    - transfer-encoding: chunked[22m

Poll error (will retry): apiRequestContext.get: Timeout 10000ms exceeded.
Call log:
[2m  - → GET http://localhost:3000/api/scan/progress?scanId=scan_1759208586055_a9d1wsm[22m
[2m    - user-agent: Mozilla/5.0 (Windows NT 10.0; Win64; x64) AppleWebKit/537.36 (KHTML, like Gecko) Chrome/140.0.7339.186 Safari/537.36[22m
[2m    - accept: */*[22m
[2m    - accept-encoding: gzip,deflate,br[22m
[2m  - ← 200 OK[22m
[2m    - content-security-policy: default-src 'self'; script-src 'self' 'unsafe-eval' 'unsafe-inline'; style-src 'self' 'unsafe-inline'; img-src 'self' data: https:; font-src 'self' data:; connect-src 'self' https:;[22m
[2m    - referrer-policy: strict-origin-when-cross-origin[22m
[2m    - x-content-type-options: nosniff[22m
[2m    - x-frame-options: DENY[22m
[2m    - x-ratelimit-limit: 1000[22m
[2m    - x-ratelimit-remaining: 999[22m
[2m    - x-ratelimit-reset: 2025-09-30T05:05:30.936Z[22m
[2m    - x-xss-protection: 1; mode=block[22m
[2m    - vary: rsc, next-router-state-tree, next-router-prefetch, next-router-segment-prefetch[22m
[2m    - cache-control: no-cache, no-transform[22m
[2m    - connection: keep-alive[22m
[2m    - content-type: text/event-stream[22m
[2m    - x-accel-buffering: no[22m
[2m    - date: Tue, 30 Sep 2025 05:04:31 GMT[22m
[2m    - transfer-encoding: chunked[22m

Poll error (will retry): apiRequestContext.get: Timeout 10000ms exceeded.
Call log:
[2m  - → GET http://localhost:3000/api/scan/progress?scanId=scan_1759208586301_xfhy88u[22m
[2m    - user-agent: Mozilla/5.0 (Windows NT 10.0; Win64; x64) AppleWebKit/537.36 (KHTML, like Gecko) Chrome/140.0.7339.186 Safari/537.36[22m
[2m    - accept: */*[22m
[2m    - accept-encoding: gzip,deflate,br[22m
[2m  - ← 200 OK[22m
[2m    - content-security-policy: default-src 'self'; script-src 'self' 'unsafe-eval' 'unsafe-inline'; style-src 'self' 'unsafe-inline'; img-src 'self' data: https:; font-src 'self' data:; connect-src 'self' https:;[22m
[2m    - referrer-policy: strict-origin-when-cross-origin[22m
[2m    - x-content-type-options: nosniff[22m
[2m    - x-frame-options: DENY[22m
[2m    - x-ratelimit-limit: 1000[22m
[2m    - x-ratelimit-remaining: 999[22m
[2m    - x-ratelimit-reset: 2025-09-30T05:05:30.937Z[22m
[2m    - x-xss-protection: 1; mode=block[22m
[2m    - vary: rsc, next-router-state-tree, next-router-prefetch, next-router-segment-prefetch[22m
[2m    - cache-control: no-cache, no-transform[22m
[2m    - connection: keep-alive[22m
[2m    - content-type: text/event-stream[22m
[2m    - x-accel-buffering: no[22m
[2m    - date: Tue, 30 Sep 2025 05:04:31 GMT[22m
[2m    - transfer-encoding: chunked[22m

Poll error (will retry): apiRequestContext.get: Timeout 10000ms exceeded.
Call log:
[2m  - → GET http://localhost:3000/api/scan/progress?scanId=scan_1759208586564_wice8gk[22m
[2m    - user-agent: Mozilla/5.0 (Windows NT 10.0; Win64; x64) AppleWebKit/537.36 (KHTML, like Gecko) Chrome/140.0.7339.186 Safari/537.36[22m
[2m    - accept: */*[22m
[2m    - accept-encoding: gzip,deflate,br[22m
[2m  - ← 200 OK[22m
[2m    - content-security-policy: default-src 'self'; script-src 'self' 'unsafe-eval' 'unsafe-inline'; style-src 'self' 'unsafe-inline'; img-src 'self' data: https:; font-src 'self' data:; connect-src 'self' https:;[22m
[2m    - referrer-policy: strict-origin-when-cross-origin[22m
[2m    - x-content-type-options: nosniff[22m
[2m    - x-frame-options: DENY[22m
[2m    - x-ratelimit-limit: 1000[22m
[2m    - x-ratelimit-remaining: 999[22m
[2m    - x-ratelimit-reset: 2025-09-30T05:05:30.940Z[22m
[2m    - x-xss-protection: 1; mode=block[22m
[2m    - vary: rsc, next-router-state-tree, next-router-prefetch, next-router-segment-prefetch[22m
[2m    - cache-control: no-cache, no-transform[22m
[2m    - connection: keep-alive[22m
[2m    - content-type: text/event-stream[22m
[2m    - x-accel-buffering: no[22m
[2m    - date: Tue, 30 Sep 2025 05:04:31 GMT[22m
[2m    - transfer-encoding: chunked[22m

Poll error (will retry): apiRequestContext.get: Timeout 10000ms exceeded.
Call log:
[2m  - → GET http://localhost:3000/api/scan/progress?scanId=scan_1759208586842_f8nuotk[22m
[2m    - user-agent: Mozilla/5.0 (Windows NT 10.0; Win64; x64) AppleWebKit/537.36 (KHTML, like Gecko) Chrome/140.0.7339.186 Safari/537.36[22m
[2m    - accept: */*[22m
[2m    - accept-encoding: gzip,deflate,br[22m
[2m  - ← 200 OK[22m
[2m    - content-security-policy: default-src 'self'; script-src 'self' 'unsafe-eval' 'unsafe-inline'; style-src 'self' 'unsafe-inline'; img-src 'self' data: https:; font-src 'self' data:; connect-src 'self' https:;[22m
[2m    - referrer-policy: strict-origin-when-cross-origin[22m
[2m    - x-content-type-options: nosniff[22m
[2m    - x-frame-options: DENY[22m
[2m    - x-ratelimit-limit: 1000[22m
[2m    - x-ratelimit-remaining: 999[22m
[2m    - x-ratelimit-reset: 2025-09-30T05:05:30.947Z[22m
[2m    - x-xss-protection: 1; mode=block[22m
[2m    - vary: rsc, next-router-state-tree, next-router-prefetch, next-router-segment-prefetch[22m
[2m    - cache-control: no-cache, no-transform[22m
[2m    - connection: keep-alive[22m
[2m    - content-type: text/event-stream[22m
[2m    - x-accel-buffering: no[22m
[2m    - date: Tue, 30 Sep 2025 05:04:31 GMT[22m
[2m    - transfer-encoding: chunked[22m

Poll error (will retry): apiRequestContext.get: Timeout 10000ms exceeded.
Call log:
[2m  - → GET http://localhost:3000/api/scan/progress?scanId=scan_1759208585784_t7066ei[22m
[2m    - user-agent: Mozilla/5.0 (Windows NT 10.0; Win64; x64) AppleWebKit/537.36 (KHTML, like Gecko) Chrome/140.0.7339.186 Safari/537.36[22m
[2m    - accept: */*[22m
[2m    - accept-encoding: gzip,deflate,br[22m
[2m  - ← 200 OK[22m
[2m    - content-security-policy: default-src 'self'; script-src 'self' 'unsafe-eval' 'unsafe-inline'; style-src 'self' 'unsafe-inline'; img-src 'self' data: https:; font-src 'self' data:; connect-src 'self' https:;[22m
[2m    - referrer-policy: strict-origin-when-cross-origin[22m
[2m    - x-content-type-options: nosniff[22m
[2m    - x-frame-options: DENY[22m
[2m    - x-ratelimit-limit: 1000[22m
[2m    - x-ratelimit-remaining: 999[22m
[2m    - x-ratelimit-reset: 2025-09-30T05:05:42.949Z[22m
[2m    - x-xss-protection: 1; mode=block[22m
[2m    - vary: rsc, next-router-state-tree, next-router-prefetch, next-router-segment-prefetch[22m
[2m    - cache-control: no-cache, no-transform[22m
[2m    - connection: keep-alive[22m
[2m    - content-type: text/event-stream[22m
[2m    - x-accel-buffering: no[22m
[2m    - date: Tue, 30 Sep 2025 05:04:43 GMT[22m
[2m    - transfer-encoding: chunked[22m

Poll error (will retry): apiRequestContext.get: Timeout 10000ms exceeded.
Call log:
[2m  - → GET http://localhost:3000/api/scan/progress?scanId=scan_1759208586055_a9d1wsm[22m
[2m    - user-agent: Mozilla/5.0 (Windows NT 10.0; Win64; x64) AppleWebKit/537.36 (KHTML, like Gecko) Chrome/140.0.7339.186 Safari/537.36[22m
[2m    - accept: */*[22m
[2m    - accept-encoding: gzip,deflate,br[22m
[2m  - ← 200 OK[22m
[2m    - content-security-policy: default-src 'self'; script-src 'self' 'unsafe-eval' 'unsafe-inline'; style-src 'self' 'unsafe-inline'; img-src 'self' data: https:; font-src 'self' data:; connect-src 'self' https:;[22m
[2m    - referrer-policy: strict-origin-when-cross-origin[22m
[2m    - x-content-type-options: nosniff[22m
[2m    - x-frame-options: DENY[22m
[2m    - x-ratelimit-limit: 1000[22m
[2m    - x-ratelimit-remaining: 999[22m
[2m    - x-ratelimit-reset: 2025-09-30T05:05:42.948Z[22m
[2m    - x-xss-protection: 1; mode=block[22m
[2m    - vary: rsc, next-router-state-tree, next-router-prefetch, next-router-segment-prefetch[22m
[2m    - cache-control: no-cache, no-transform[22m
[2m    - connection: keep-alive[22m
[2m    - content-type: text/event-stream[22m
[2m    - x-accel-buffering: no[22m
[2m    - date: Tue, 30 Sep 2025 05:04:43 GMT[22m
[2m    - transfer-encoding: chunked[22m

Poll error (will retry): apiRequestContext.get: Timeout 10000ms exceeded.
Call log:
[2m  - → GET http://localhost:3000/api/scan/progress?scanId=scan_1759208586301_xfhy88u[22m
[2m    - user-agent: Mozilla/5.0 (Windows NT 10.0; Win64; x64) AppleWebKit/537.36 (KHTML, like Gecko) Chrome/140.0.7339.186 Safari/537.36[22m
[2m    - accept: */*[22m
[2m    - accept-encoding: gzip,deflate,br[22m
[2m  - ← 200 OK[22m
[2m    - content-security-policy: default-src 'self'; script-src 'self' 'unsafe-eval' 'unsafe-inline'; style-src 'self' 'unsafe-inline'; img-src 'self' data: https:; font-src 'self' data:; connect-src 'self' https:;[22m
[2m    - referrer-policy: strict-origin-when-cross-origin[22m
[2m    - x-content-type-options: nosniff[22m
[2m    - x-frame-options: DENY[22m
[2m    - x-ratelimit-limit: 1000[22m
[2m    - x-ratelimit-remaining: 999[22m
[2m    - x-ratelimit-reset: 2025-09-30T05:05:42.950Z[22m
[2m    - x-xss-protection: 1; mode=block[22m
[2m    - vary: rsc, next-router-state-tree, next-router-prefetch, next-router-segment-prefetch[22m
[2m    - cache-control: no-cache, no-transform[22m
[2m    - connection: keep-alive[22m
[2m    - content-type: text/event-stream[22m
[2m    - x-accel-buffering: no[22m
[2m    - date: Tue, 30 Sep 2025 05:04:43 GMT[22m
[2m    - transfer-encoding: chunked[22m

Poll error (will retry): apiRequestContext.get: Timeout 10000ms exceeded.
Call log:
[2m  - → GET http://localhost:3000/api/scan/progress?scanId=scan_1759208586564_wice8gk[22m
[2m    - user-agent: Mozilla/5.0 (Windows NT 10.0; Win64; x64) AppleWebKit/537.36 (KHTML, like Gecko) Chrome/140.0.7339.186 Safari/537.36[22m
[2m    - accept: */*[22m
[2m    - accept-encoding: gzip,deflate,br[22m
[2m  - ← 200 OK[22m
[2m    - content-security-policy: default-src 'self'; script-src 'self' 'unsafe-eval' 'unsafe-inline'; style-src 'self' 'unsafe-inline'; img-src 'self' data: https:; font-src 'self' data:; connect-src 'self' https:;[22m
[2m    - referrer-policy: strict-origin-when-cross-origin[22m
[2m    - x-content-type-options: nosniff[22m
[2m    - x-frame-options: DENY[22m
[2m    - x-ratelimit-limit: 1000[22m
[2m    - x-ratelimit-remaining: 999[22m
[2m    - x-ratelimit-reset: 2025-09-30T05:05:42.951Z[22m
[2m    - x-xss-protection: 1; mode=block[22m
[2m    - vary: rsc, next-router-state-tree, next-router-prefetch, next-router-segment-prefetch[22m
[2m    - cache-control: no-cache, no-transform[22m
[2m    - connection: keep-alive[22m
[2m    - content-type: text/event-stream[22m
[2m    - x-accel-buffering: no[22m
[2m    - date: Tue, 30 Sep 2025 05:04:43 GMT[22m
[2m    - transfer-encoding: chunked[22m

Poll error (will retry): apiRequestContext.get: Timeout 10000ms exceeded.
Call log:
[2m  - → GET http://localhost:3000/api/scan/progress?scanId=scan_1759208586842_f8nuotk[22m
[2m    - user-agent: Mozilla/5.0 (Windows NT 10.0; Win64; x64) AppleWebKit/537.36 (KHTML, like Gecko) Chrome/140.0.7339.186 Safari/537.36[22m
[2m    - accept: */*[22m
[2m    - accept-encoding: gzip,deflate,br[22m
[2m  - ← 200 OK[22m
[2m    - content-security-policy: default-src 'self'; script-src 'self' 'unsafe-eval' 'unsafe-inline'; style-src 'self' 'unsafe-inline'; img-src 'self' data: https:; font-src 'self' data:; connect-src 'self' https:;[22m
[2m    - referrer-policy: strict-origin-when-cross-origin[22m
[2m    - x-content-type-options: nosniff[22m
[2m    - x-frame-options: DENY[22m
[2m    - x-ratelimit-limit: 1000[22m
[2m    - x-ratelimit-remaining: 999[22m
[2m    - x-ratelimit-reset: 2025-09-30T05:05:42.952Z[22m
[2m    - x-xss-protection: 1; mode=block[22m
[2m    - vary: rsc, next-router-state-tree, next-router-prefetch, next-router-segment-prefetch[22m
[2m    - cache-control: no-cache, no-transform[22m
[2m    - connection: keep-alive[22m
[2m    - content-type: text/event-stream[22m
[2m    - x-accel-buffering: no[22m
[2m    - date: Tue, 30 Sep 2025 05:04:43 GMT[22m
[2m    - transfer-encoding: chunked[22m

Poll error (will retry): apiRequestContext.get: Timeout 10000ms exceeded.
Call log:
[2m  - → GET http://localhost:3000/api/scan/progress?scanId=scan_1759208585784_t7066ei[22m
[2m    - user-agent: Mozilla/5.0 (Windows NT 10.0; Win64; x64) AppleWebKit/537.36 (KHTML, like Gecko) Chrome/140.0.7339.186 Safari/537.36[22m
[2m    - accept: */*[22m
[2m    - accept-encoding: gzip,deflate,br[22m
[2m  - ← 200 OK[22m
[2m    - content-security-policy: default-src 'self'; script-src 'self' 'unsafe-eval' 'unsafe-inline'; style-src 'self' 'unsafe-inline'; img-src 'self' data: https:; font-src 'self' data:; connect-src 'self' https:;[22m
[2m    - referrer-policy: strict-origin-when-cross-origin[22m
[2m    - x-content-type-options: nosniff[22m
[2m    - x-frame-options: DENY[22m
[2m    - x-ratelimit-limit: 1000[22m
[2m    - x-ratelimit-remaining: 999[22m
[2m    - x-ratelimit-reset: 2025-09-30T05:05:54.959Z[22m
[2m    - x-xss-protection: 1; mode=block[22m
[2m    - vary: rsc, next-router-state-tree, next-router-prefetch, next-router-segment-prefetch[22m
[2m    - cache-control: no-cache, no-transform[22m
[2m    - connection: keep-alive[22m
[2m    - content-type: text/event-stream[22m
[2m    - x-accel-buffering: no[22m
[2m    - date: Tue, 30 Sep 2025 05:04:55 GMT[22m
[2m    - transfer-encoding: chunked[22m

Poll error (will retry): apiRequestContext.get: Timeout 10000ms exceeded.
Call log:
[2m  - → GET http://localhost:3000/api/scan/progress?scanId=scan_1759208586055_a9d1wsm[22m
[2m    - user-agent: Mozilla/5.0 (Windows NT 10.0; Win64; x64) AppleWebKit/537.36 (KHTML, like Gecko) Chrome/140.0.7339.186 Safari/537.36[22m
[2m    - accept: */*[22m
[2m    - accept-encoding: gzip,deflate,br[22m
[2m  - ← 200 OK[22m
[2m    - content-security-policy: default-src 'self'; script-src 'self' 'unsafe-eval' 'unsafe-inline'; style-src 'self' 'unsafe-inline'; img-src 'self' data: https:; font-src 'self' data:; connect-src 'self' https:;[22m
[2m    - referrer-policy: strict-origin-when-cross-origin[22m
[2m    - x-content-type-options: nosniff[22m
[2m    - x-frame-options: DENY[22m
[2m    - x-ratelimit-limit: 1000[22m
[2m    - x-ratelimit-remaining: 999[22m
[2m    - x-ratelimit-reset: 2025-09-30T05:05:54.960Z[22m
[2m    - x-xss-protection: 1; mode=block[22m
[2m    - vary: rsc, next-router-state-tree, next-router-prefetch, next-router-segment-prefetch[22m
[2m    - cache-control: no-cache, no-transform[22m
[2m    - connection: keep-alive[22m
[2m    - content-type: text/event-stream[22m
[2m    - x-accel-buffering: no[22m
[2m    - date: Tue, 30 Sep 2025 05:04:55 GMT[22m
[2m    - transfer-encoding: chunked[22m

Poll error (will retry): apiRequestContext.get: Timeout 10000ms exceeded.
Call log:
[2m  - → GET http://localhost:3000/api/scan/progress?scanId=scan_1759208586301_xfhy88u[22m
[2m    - user-agent: Mozilla/5.0 (Windows NT 10.0; Win64; x64) AppleWebKit/537.36 (KHTML, like Gecko) Chrome/140.0.7339.186 Safari/537.36[22m
[2m    - accept: */*[22m
[2m    - accept-encoding: gzip,deflate,br[22m
[2m  - ← 200 OK[22m
[2m    - content-security-policy: default-src 'self'; script-src 'self' 'unsafe-eval' 'unsafe-inline'; style-src 'self' 'unsafe-inline'; img-src 'self' data: https:; font-src 'self' data:; connect-src 'self' https:;[22m
[2m    - referrer-policy: strict-origin-when-cross-origin[22m
[2m    - x-content-type-options: nosniff[22m
[2m    - x-frame-options: DENY[22m
[2m    - x-ratelimit-limit: 1000[22m
[2m    - x-ratelimit-remaining: 999[22m
[2m    - x-ratelimit-reset: 2025-09-30T05:05:54.960Z[22m
[2m    - x-xss-protection: 1; mode=block[22m
[2m    - vary: rsc, next-router-state-tree, next-router-prefetch, next-router-segment-prefetch[22m
[2m    - cache-control: no-cache, no-transform[22m
[2m    - connection: keep-alive[22m
[2m    - content-type: text/event-stream[22m
[2m    - x-accel-buffering: no[22m
[2m    - date: Tue, 30 Sep 2025 05:04:55 GMT[22m
[2m    - transfer-encoding: chunked[22m

Poll error (will retry): apiRequestContext.get: Timeout 10000ms exceeded.
Call log:
[2m  - → GET http://localhost:3000/api/scan/progress?scanId=scan_1759208586564_wice8gk[22m
[2m    - user-agent: Mozilla/5.0 (Windows NT 10.0; Win64; x64) AppleWebKit/537.36 (KHTML, like Gecko) Chrome/140.0.7339.186 Safari/537.36[22m
[2m    - accept: */*[22m
[2m    - accept-encoding: gzip,deflate,br[22m
[2m  - ← 200 OK[22m
[2m    - content-security-policy: default-src 'self'; script-src 'self' 'unsafe-eval' 'unsafe-inline'; style-src 'self' 'unsafe-inline'; img-src 'self' data: https:; font-src 'self' data:; connect-src 'self' https:;[22m
[2m    - referrer-policy: strict-origin-when-cross-origin[22m
[2m    - x-content-type-options: nosniff[22m
[2m    - x-frame-options: DENY[22m
[2m    - x-ratelimit-limit: 1000[22m
[2m    - x-ratelimit-remaining: 999[22m
[2m    - x-ratelimit-reset: 2025-09-30T05:05:54.961Z[22m
[2m    - x-xss-protection: 1; mode=block[22m
[...]
[2m    - referrer-policy: strict-origin-when-cross-origin[22m
[2m    - x-content-type-options: nosniff[22m
[2m    - x-frame-options: DENY[22m
[2m    - x-ratelimit-limit: 1000[22m
[2m    - x-ratelimit-remaining: 999[22m
[2m    - x-ratelimit-reset: 2025-09-30T05:04:56.303Z[22m
[2m    - x-xss-protection: 1; mode=block[22m
[2m    - vary: rsc, next-router-state-tree, next-router-prefetch, next-router-segment-prefetch[22m
[2m    - cache-control: no-cache, no-transform[22m
[2m    - connection: keep-alive[22m
[2m    - content-type: text/event-stream[22m
[2m    - x-accel-buffering: no[22m
[2m    - date: Tue, 30 Sep 2025 05:03:56 GMT[22m
[2m    - transfer-encoding: chunked[22m

Poll error (will retry): apiRequestContext.get: Timeout 10000ms exceeded.
Call log:
[2m  - → GET http://localhost:3000/api/scan/progress?scanId=scan_1759208588197_1ixoarx[22m
[2m    - user-agent: Mozilla/5.0 (Windows NT 10.0; Win64; x64) AppleWebKit/537.36 (KHTML, like Gecko) Chrome/140.0.7339.186 Safari/537.36[22m
[2m    - accept: */*[22m
[2m    - accept-encoding: gzip,deflate,br[22m
[2m  - ← 200 OK[22m
[2m    - content-security-policy: default-src 'self'; script-src 'self' 'unsafe-eval' 'unsafe-inline'; style-src 'self' 'unsafe-inline'; img-src 'self' data: https:; font-src 'self' data:; connect-src 'self' https:;[22m
[2m    - referrer-policy: strict-origin-when-cross-origin[22m
[2m    - x-content-type-options: nosniff[22m
[2m    - x-frame-options: DENY[22m
[2m    - x-ratelimit-limit: 1000[22m
[2m    - x-ratelimit-remaining: 999[22m
[2m    - x-ratelimit-reset: 2025-09-30T05:04:56.304Z[22m
[2m    - x-xss-protection: 1; mode=block[22m
[2m    - vary: rsc, next-router-state-tree, next-router-prefetch, next-router-segment-prefetch[22m
[2m    - cache-control: no-cache, no-transform[22m
[2m    - connection: keep-alive[22m
[2m    - content-type: text/event-stream[22m
[2m    - x-accel-buffering: no[22m
[2m    - date: Tue, 30 Sep 2025 05:03:56 GMT[22m
[2m    - transfer-encoding: chunked[22m


⚡ Burst Test Results:
Successful: 0/10
Failed: 10/10
]]>
</system-out>
</testcase>
<testcase name="Stress Tests - Performance › should complete scans within acceptable time" classname="stress.spec.ts" time="60.546">
<failure message="stress.spec.ts:177:6 should complete scans within acceptable time" type="FAILURE">
<![CDATA[  [stress-test] › stress.spec.ts:177:6 › Stress Tests - Performance › should complete scans within acceptable time 

    Error: Scan timeout after 60000ms. Last status: unknown

       at helpers/scan-helpers.ts:92

      90 | 	}
      91 |
    > 92 | 	throw new Error(`Scan timeout after ${timeout}ms. Last status: ${lastStatus?.status || 'unknown'}`);
         | 	      ^
      93 | }
      94 |
      95 | /**
        at pollScanProgress (/Users/byronwade/designer/tests/e2e/helpers/scan-helpers.ts:92:8)
        at completeScan (/Users/byronwade/designer/tests/e2e/helpers/scan-helpers.ts:113:17)
        at /Users/byronwade/designer/tests/e2e/stress.spec.ts:180:32

    attachment #1: trace (application/zip) ─────────────────────────────────────────────────────────
    ../reports/artifacts/stress-Stress-Tests---Perf-66636-cans-within-acceptable-time-stress-test/trace.zip
    Usage:

        npx playwright show-trace ../reports/artifacts/stress-Stress-Tests---Perf-66636-cans-within-acceptable-time-stress-test/trace.zip

    ────────────────────────────────────────────────────────────────────────────────────────────────
]]>
</failure>
<system-out>
<![CDATA[Poll error (will retry): apiRequestContext.get: Timeout 10000ms exceeded.
Call log:
[2m  - → GET http://localhost:3000/api/scan/progress?scanId=scan_1759208585764_h7wnxp2[22m
[2m    - user-agent: Mozilla/5.0 (Windows NT 10.0; Win64; x64) AppleWebKit/537.36 (KHTML, like Gecko) Chrome/140.0.7339.186 Safari/537.36[22m
[2m    - accept: */*[22m
[2m    - accept-encoding: gzip,deflate,br[22m
[2m  - ← 200 OK[22m
[2m    - content-security-policy: default-src 'self'; script-src 'self' 'unsafe-eval' 'unsafe-inline'; style-src 'self' 'unsafe-inline'; img-src 'self' data: https:; font-src 'self' data:; connect-src 'self' https:;[22m
[2m    - referrer-policy: strict-origin-when-cross-origin[22m
[2m    - x-content-type-options: nosniff[22m
[2m    - x-frame-options: DENY[22m
[2m    - x-ratelimit-limit: 1000[22m
[2m    - x-ratelimit-remaining: 999[22m
[2m    - x-ratelimit-reset: 2025-09-30T05:04:05.805Z[22m
[2m    - x-xss-protection: 1; mode=block[22m
[2m    - vary: rsc, next-router-state-tree, next-router-prefetch, next-router-segment-prefetch[22m
[2m    - cache-control: no-cache, no-transform[22m
[2m    - connection: keep-alive[22m
[2m    - content-type: text/event-stream[22m
[2m    - x-accel-buffering: no[22m
[2m    - date: Tue, 30 Sep 2025 05:03:06 GMT[22m
[2m    - transfer-encoding: chunked[22m

Poll error (will retry): apiRequestContext.get: Timeout 10000ms exceeded.
Call log:
[2m  - → GET http://localhost:3000/api/scan/progress?scanId=scan_1759208585764_h7wnxp2[22m
[2m    - user-agent: Mozilla/5.0 (Windows NT 10.0; Win64; x64) AppleWebKit/537.36 (KHTML, like Gecko) Chrome/140.0.7339.186 Safari/537.36[22m
[2m    - accept: */*[22m
[2m    - accept-encoding: gzip,deflate,br[22m
[2m  - ← 200 OK[22m
[2m    - content-security-policy: default-src 'self'; script-src 'self' 'unsafe-eval' 'unsafe-inline'; style-src 'self' 'unsafe-inline'; img-src 'self' data: https:; font-src 'self' data:; connect-src 'self' https:;[22m
[2m    - referrer-policy: strict-origin-when-cross-origin[22m
[2m    - x-content-type-options: nosniff[22m
[2m    - x-frame-options: DENY[22m
[2m    - x-ratelimit-limit: 1000[22m
[2m    - x-ratelimit-remaining: 999[22m
[2m    - x-ratelimit-reset: 2025-09-30T05:04:17.804Z[22m
[2m    - x-xss-protection: 1; mode=block[22m
[2m    - vary: rsc, next-router-state-tree, next-router-prefetch, next-router-segment-prefetch[22m
[2m    - cache-control: no-cache, no-transform[22m
[2m    - connection: keep-alive[22m
[2m    - content-type: text/event-stream[22m
[2m    - x-accel-buffering: no[22m
[2m    - date: Tue, 30 Sep 2025 05:03:18 GMT[22m
[2m    - transfer-encoding: chunked[22m

Poll error (will retry): apiRequestContext.get: Timeout 10000ms exceeded.
Call log:
[2m  - → GET http://localhost:3000/api/scan/progress?scanId=scan_1759208585764_h7wnxp2[22m
[2m    - user-agent: Mozilla/5.0 (Windows NT 10.0; Win64; x64) AppleWebKit/537.36 (KHTML, like Gecko) Chrome/140.0.7339.186 Safari/537.36[22m
[2m    - accept: */*[22m
[2m    - accept-encoding: gzip,deflate,br[22m
[2m  - ← 200 OK[22m
[2m    - content-security-policy: default-src 'self'; script-src 'self' 'unsafe-eval' 'unsafe-inline'; style-src 'self' 'unsafe-inline'; img-src 'self' data: https:; font-src 'self' data:; connect-src 'self' https:;[22m
[2m    - referrer-policy: strict-origin-when-cross-origin[22m
[2m    - x-content-type-options: nosniff[22m
[2m    - x-frame-options: DENY[22m
[2m    - x-ratelimit-limit: 1000[22m
[2m    - x-ratelimit-remaining: 999[22m
[2m    - x-ratelimit-reset: 2025-09-30T05:04:29.797Z[22m
[2m    - x-xss-protection: 1; mode=block[22m
[2m    - vary: rsc, next-router-state-tree, next-router-prefetch, next-router-segment-prefetch[22m
[2m    - cache-control: no-cache, no-transform[22m
[2m    - connection: keep-alive[22m
[2m    - content-type: text/event-stream[22m
[2m    - x-accel-buffering: no[22m
[2m    - date: Tue, 30 Sep 2025 05:03:30 GMT[22m
[2m    - transfer-encoding: chunked[22m

Poll error (will retry): apiRequestContext.get: Timeout 10000ms exceeded.
Call log:
[2m  - → GET http://localhost:3000/api/scan/progress?scanId=scan_1759208585764_h7wnxp2[22m
[2m    - user-agent: Mozilla/5.0 (Windows NT 10.0; Win64; x64) AppleWebKit/537.36 (KHTML, like Gecko) Chrome/140.0.7339.186 Safari/537.36[22m
[2m    - accept: */*[22m
[2m    - accept-encoding: gzip,deflate,br[22m
[2m  - ← 200 OK[22m
[2m    - content-security-policy: default-src 'self'; script-src 'self' 'unsafe-eval' 'unsafe-inline'; style-src 'self' 'unsafe-inline'; img-src 'self' data: https:; font-src 'self' data:; connect-src 'self' https:;[22m
[2m    - referrer-policy: strict-origin-when-cross-origin[22m
[2m    - x-content-type-options: nosniff[22m
[2m    - x-frame-options: DENY[22m
[2m    - x-ratelimit-limit: 1000[22m
[2m    - x-ratelimit-remaining: 999[22m
[2m    - x-ratelimit-reset: 2025-09-30T05:04:41.804Z[22m
[2m    - x-xss-protection: 1; mode=block[22m
[2m    - vary: rsc, next-router-state-tree, next-router-prefetch, next-router-segment-prefetch[22m
[2m    - cache-control: no-cache, no-transform[22m
[2m    - connection: keep-alive[22m
[2m    - content-type: text/event-stream[22m
[2m    - x-accel-buffering: no[22m
[2m    - date: Tue, 30 Sep 2025 05:03:42 GMT[22m
[2m    - transfer-encoding: chunked[22m

Poll error (will retry): apiRequestContext.get: Timeout 10000ms exceeded.
Call log:
[2m  - → GET http://localhost:3000/api/scan/progress?scanId=scan_1759208585764_h7wnxp2[22m
[2m    - user-agent: Mozilla/5.0 (Windows NT 10.0; Win64; x64) AppleWebKit/537.36 (KHTML, like Gecko) Chrome/140.0.7339.186 Safari/537.36[22m
[2m    - accept: */*[22m
[2m    - accept-encoding: gzip,deflate,br[22m
[2m  - ← 200 OK[22m
[2m    - content-security-policy: default-src 'self'; script-src 'self' 'unsafe-eval' 'unsafe-inline'; style-src 'self' 'unsafe-inline'; img-src 'self' data: https:; font-src 'self' data:; connect-src 'self' https:;[22m
[2m    - referrer-policy: strict-origin-when-cross-origin[22m
[2m    - x-content-type-options: nosniff[22m
[2m    - x-frame-options: DENY[22m
[2m    - x-ratelimit-limit: 1000[22m
[2m    - x-ratelimit-remaining: 999[22m
[2m    - x-ratelimit-reset: 2025-09-30T05:04:53.808Z[22m
[2m    - x-xss-protection: 1; mode=block[22m
[2m    - vary: rsc, next-router-state-tree, next-router-prefetch, next-router-segment-prefetch[22m
[2m    - cache-control: no-cache, no-transform[22m
[2m    - connection: keep-alive[22m
[2m    - content-type: text/event-stream[22m
[2m    - x-accel-buffering: no[22m
[2m    - date: Tue, 30 Sep 2025 05:03:54 GMT[22m
[2m    - transfer-encoding: chunked[22m

]]>
</system-out>
<system-err>
<![CDATA[
Warning: attachment artifacts/stress-Stress-Tests---Perf-66636-cans-within-acceptable-time-stress-test/trace.zip is missing]]>
</system-err>
</testcase>
<testcase name="Stress Tests - Performance › should not leak memory over multiple scans" classname="stress.spec.ts" time="60.561">
<failure message="stress.spec.ts:193:6 should not leak memory over multiple scans" type="FAILURE">
<![CDATA[  [stress-test] › stress.spec.ts:193:6 › Stress Tests - Performance › should not leak memory over multiple scans 

    Error: Scan timeout after 60000ms. Last status: unknown

       at helpers/scan-helpers.ts:92

      90 | 	}
      91 |
    > 92 | 	throw new Error(`Scan timeout after ${timeout}ms. Last status: ${lastStatus?.status || 'unknown'}`);
         | 	      ^
      93 | }
      94 |
      95 | /**
        at pollScanProgress (/Users/byronwade/designer/tests/e2e/helpers/scan-helpers.ts:92:8)
        at completeScan (/Users/byronwade/designer/tests/e2e/helpers/scan-helpers.ts:113:17)
        at /Users/byronwade/designer/tests/e2e/stress.spec.ts:207:4

    attachment #1: trace (application/zip) ─────────────────────────────────────────────────────────
    ../reports/artifacts/stress-Stress-Tests---Perf-48015--memory-over-multiple-scans-stress-test/trace.zip
    Usage:

        npx playwright show-trace ../reports/artifacts/stress-Stress-Tests---Perf-48015--memory-over-multiple-scans-stress-test/trace.zip

    ────────────────────────────────────────────────────────────────────────────────────────────────
]]>
</failure>
<system-out>
<![CDATA[Poll error (will retry): apiRequestContext.get: Timeout 10000ms exceeded.
Call log:
[2m  - → GET http://localhost:3000/api/scan/progress?scanId=scan_1759208585779_7m0jjlv[22m
[2m    - user-agent: Mozilla/5.0 (Windows NT 10.0; Win64; x64) AppleWebKit/537.36 (KHTML, like Gecko) Chrome/140.0.7339.186 Safari/537.36[22m
[2m    - accept: */*[22m
[2m    - accept-encoding: gzip,deflate,br[22m
[2m  - ← 200 OK[22m
[2m    - content-security-policy: default-src 'self'; script-src 'self' 'unsafe-eval' 'unsafe-inline'; style-src 'self' 'unsafe-inline'; img-src 'self' data: https:; font-src 'self' data:; connect-src 'self' https:;[22m
[2m    - referrer-policy: strict-origin-when-cross-origin[22m
[2m    - x-content-type-options: nosniff[22m
[2m    - x-frame-options: DENY[22m
[2m    - x-ratelimit-limit: 1000[22m
[2m    - x-ratelimit-remaining: 999[22m
[2m    - x-ratelimit-reset: 2025-09-30T05:04:05.806Z[22m
[2m    - x-xss-protection: 1; mode=block[22m
[2m    - vary: rsc, next-router-state-tree, next-router-prefetch, next-router-segment-prefetch[22m
[2m    - cache-control: no-cache, no-transform[22m
[2m    - connection: keep-alive[22m
[2m    - content-type: text/event-stream[22m
[2m    - x-accel-buffering: no[22m
[2m    - date: Tue, 30 Sep 2025 05:03:06 GMT[22m
[2m    - transfer-encoding: chunked[22m

Poll error (will retry): apiRequestContext.get: Timeout 10000ms exceeded.
Call log:
[2m  - → GET http://localhost:3000/api/scan/progress?scanId=scan_1759208585779_7m0jjlv[22m
[2m    - user-agent: Mozilla/5.0 (Windows NT 10.0; Win64; x64) AppleWebKit/537.36 (KHTML, like Gecko) Chrome/140.0.7339.186 Safari/537.36[22m
[2m    - accept: */*[22m
[2m    - accept-encoding: gzip,deflate,br[22m
[2m  - ← 200 OK[22m
[2m    - content-security-policy: default-src 'self'; script-src 'self' 'unsafe-eval' 'unsafe-inline'; style-src 'self' 'unsafe-inline'; img-src 'self' data: https:; font-src 'self' data:; connect-src 'self' https:;[22m
[2m    - referrer-policy: strict-origin-when-cross-origin[22m
[2m    - x-content-type-options: nosniff[22m
[2m    - x-frame-options: DENY[22m
[2m    - x-ratelimit-limit: 1000[22m
[2m    - x-ratelimit-remaining: 999[22m
[2m    - x-ratelimit-reset: 2025-09-30T05:04:17.832Z[22m
[2m    - x-xss-protection: 1; mode=block[22m
[2m    - vary: rsc, next-router-state-tree, next-router-prefetch, next-router-segment-prefetch[22m
[2m    - cache-control: no-cache, no-transform[22m
[2m    - connection: keep-alive[22m
[2m    - content-type: text/event-stream[22m
[2m    - x-accel-buffering: no[22m
[2m    - date: Tue, 30 Sep 2025 05:03:18 GMT[22m
[2m    - transfer-encoding: chunked[22m

Poll error (will retry): apiRequestContext.get: Timeout 10000ms exceeded.
Call log:
[2m  - → GET http://localhost:3000/api/scan/progress?scanId=scan_1759208585779_7m0jjlv[22m
[2m    - user-agent: Mozilla/5.0 (Windows NT 10.0; Win64; x64) AppleWebKit/537.36 (KHTML, like Gecko) Chrome/140.0.7339.186 Safari/537.36[22m
[2m    - accept: */*[22m
[2m    - accept-encoding: gzip,deflate,br[22m
[2m  - ← 200 OK[22m
[2m    - content-security-policy: default-src 'self'; script-src 'self' 'unsafe-eval' 'unsafe-inline'; style-src 'self' 'unsafe-inline'; img-src 'self' data: https:; font-src 'self' data:; connect-src 'self' https:;[22m
[2m    - referrer-policy: strict-origin-when-cross-origin[22m
[2m    - x-content-type-options: nosniff[22m
[2m    - x-frame-options: DENY[22m
[2m    - x-ratelimit-limit: 1000[22m
[2m    - x-ratelimit-remaining: 999[22m
[2m    - x-ratelimit-reset: 2025-09-30T05:04:29.812Z[22m
[2m    - x-xss-protection: 1; mode=block[22m
[2m    - vary: rsc, next-router-state-tree, next-router-prefetch, next-router-segment-prefetch[22m
[2m    - cache-control: no-cache, no-transform[22m
[2m    - connection: keep-alive[22m
[2m    - content-type: text/event-stream[22m
[2m    - x-accel-buffering: no[22m
[2m    - date: Tue, 30 Sep 2025 05:03:30 GMT[22m
[2m    - transfer-encoding: chunked[22m

Poll error (will retry): apiRequestContext.get: Timeout 10000ms exceeded.
Call log:
[2m  - → GET http://localhost:3000/api/scan/progress?scanId=scan_1759208585779_7m0jjlv[22m
[2m    - user-agent: Mozilla/5.0 (Windows NT 10.0; Win64; x64) AppleWebKit/537.36 (KHTML, like Gecko) Chrome/140.0.7339.186 Safari/537.36[22m
[2m    - accept: */*[22m
[2m    - accept-encoding: gzip,deflate,br[22m
[2m  - ← 200 OK[22m
[2m    - content-security-policy: default-src 'self'; script-src 'self' 'unsafe-eval' 'unsafe-inline'; style-src 'self' 'unsafe-inline'; img-src 'self' data: https:; font-src 'self' data:; connect-src 'self' https:;[22m
[2m    - referrer-policy: strict-origin-when-cross-origin[22m
[2m    - x-content-type-options: nosniff[22m
[2m    - x-frame-options: DENY[22m
[2m    - x-ratelimit-limit: 1000[22m
[2m    - x-ratelimit-remaining: 999[22m
[2m    - x-ratelimit-reset: 2025-09-30T05:04:41.822Z[22m
[2m    - x-xss-protection: 1; mode=block[22m
[2m    - vary: rsc, next-router-state-tree, next-router-prefetch, next-router-segment-prefetch[22m
[2m    - cache-control: no-cache, no-transform[22m
[2m    - connection: keep-alive[22m
[2m    - content-type: text/event-stream[22m
[2m    - x-accel-buffering: no[22m
[2m    - date: Tue, 30 Sep 2025 05:03:42 GMT[22m
[2m    - transfer-encoding: chunked[22m

Poll error (will retry): apiRequestContext.get: Timeout 10000ms exceeded.
Call log:
[2m  - → GET http://localhost:3000/api/scan/progress?scanId=scan_1759208585779_7m0jjlv[22m
[2m    - user-agent: Mozilla/5.0 (Windows NT 10.0; Win64; x64) AppleWebKit/537.36 (KHTML, like Gecko) Chrome/140.0.7339.186 Safari/537.36[22m
[2m    - accept: */*[22m
[2m    - accept-encoding: gzip,deflate,br[22m
[2m  - ← 200 OK[22m
[2m    - content-security-policy: default-src 'self'; script-src 'self' 'unsafe-eval' 'unsafe-inline'; style-src 'self' 'unsafe-inline'; img-src 'self' data: https:; font-src 'self' data:; connect-src 'self' https:;[22m
[2m    - referrer-policy: strict-origin-when-cross-origin[22m
[2m    - x-content-type-options: nosniff[22m
[2m    - x-frame-options: DENY[22m
[2m    - x-ratelimit-limit: 1000[22m
[2m    - x-ratelimit-remaining: 999[22m
[2m    - x-ratelimit-reset: 2025-09-30T05:04:53.822Z[22m
[2m    - x-xss-protection: 1; mode=block[22m
[2m    - vary: rsc, next-router-state-tree, next-router-prefetch, next-router-segment-prefetch[22m
[2m    - cache-control: no-cache, no-transform[22m
[2m    - connection: keep-alive[22m
[2m    - content-type: text/event-stream[22m
[2m    - x-accel-buffering: no[22m
[2m    - date: Tue, 30 Sep 2025 05:03:54 GMT[22m
[2m    - transfer-encoding: chunked[22m

]]>
</system-out>
<system-err>
<![CDATA[
Warning: attachment artifacts/stress-Stress-Tests---Perf-48015--memory-over-multiple-scans-stress-test/trace.zip is missing]]>
</system-err>
</testcase>
<testcase name="Stress Tests - Error Handling › should handle malformed URLs gracefully" classname="stress.spec.ts" time="1.298">
</testcase>
<testcase name="Stress Tests - Error Handling › should handle unreachable domains gracefully" classname="stress.spec.ts" time="30.876">
<system-out>
<![CDATA[Poll error (will retry): Unexpected token 'd', "data: {"ty"... is not valid JSON
Poll error (will retry): Unexpected token 'd', "data: {"ty"... is not valid JSON
Poll error (will retry): Unexpected token 'd', "data: {"ty"... is not valid JSON
Poll error (will retry): Unexpected token 'd', "data: {"ty"... is not valid JSON
Poll error (will retry): Unexpected token 'd', "data: {"ty"... is not valid JSON
Poll error (will retry): Unexpected token 'd', "data: {"ty"... is not valid JSON
Poll error (will retry): Unexpected token 'd', "data: {"ty"... is not valid JSON
Poll error (will retry): Unexpected token 'd', "data: {"ty"... is not valid JSON
Poll error (will retry): Unexpected token 'd', "data: {"ty"... is not valid JSON
Poll error (will retry): Unexpected token 'd', "data: {"ty"... is not valid JSON
]]>
</system-out>
</testcase>
<testcase name="Stress Tests - Error Handling › should handle slow/hanging responses" classname="stress.spec.ts" time="16.991">
<system-out>
<![CDATA[Poll error (will retry): Unexpected token 'd', "data: {"ty"... is not valid JSON
Poll error (will retry): Unexpected token 'd', "data: {"ty"... is not valid JSON
Poll error (will retry): Unexpected token 'd', "data: {"ty"... is not valid JSON
Poll error (will retry): Unexpected token 'd', "data: {"ty"... is not valid JSON
]]>
</system-out>
</testcase>
</testsuite>
</testsuites>